#
# There is insufficient memory for the Java Runtime Environment to continue.
# Native memory allocation (mmap) failed to map 12288 bytes for committing reserved memory.
# Possible reasons:
#   The system is out of physical RAM or swap space
#   In 32 bit mode, the process size limit was hit
# Possible solutions:
#   Reduce memory load on the system
#   Increase physical memory or swap space
#   Check if swap backing store is full
#   Use 64 bit Java on a 64 bit OS
#   Decrease Java heap size (-Xmx/-Xms)
#   Decrease number of Java threads
#   Decrease Java thread stack sizes (-Xss)
#   Set larger code cache with -XX:ReservedCodeCacheSize=
# This output file may be truncated or incomplete.
#
#  Out of Memory Error (os_linux.cpp:2671), pid=31960, tid=47148168738560
#
# JRE version:  (8.0_20-b26) (build )
# Java VM: Java HotSpot(TM) 64-Bit Server VM (25.20-b23 mixed mode linux-amd64 compressed oops)
# Failed to write core dump. Core dumps have been disabled. To enable core dumping, try "ulimit -c unlimited" before starting Java again
#

---------------  T H R E A D  ---------------

Current thread (0x00002ae18c00a000):  JavaThread "Unknown thread" [_thread_in_vm, id=31976, stack(0x00002ae189c97000,0x00002ae189d98000)]

Stack: [0x00002ae189c97000,0x00002ae189d98000],  sp=0x00002ae189d96820,  free space=1022k
Native frames: (J=compiled Java code, j=interpreted, Vv=VM code, C=native code)
V  [libjvm.so+0xa76cea]  VMError::report_and_die()+0x2ca
V  [libjvm.so+0x4e52fb]  report_vm_out_of_memory(char const*, int, unsigned long, VMErrorType, char const*)+0x8b
V  [libjvm.so+0x8e4ec3]  os::Linux::commit_memory_impl(char*, unsigned long, bool)+0x103
V  [libjvm.so+0x8e4f8c]  os::pd_commit_memory(char*, unsigned long, bool)+0xc
V  [libjvm.so+0x8dce4a]  os::commit_memory(char*, unsigned long, bool)+0x2a
V  [libjvm.so+0x8e33af]  os::pd_create_stack_guard_pages(char*, unsigned long)+0x7f
V  [libjvm.so+0xa21bde]  JavaThread::create_stack_guard_pages()+0x5e
V  [libjvm.so+0xa2accc]  Threads::create_vm(JavaVMInitArgs*, bool*)+0x23c
V  [libjvm.so+0x6a9414]  JNI_CreateJavaVM+0x74
C  [libjli.so+0x736e]  JavaMain+0x9e
C  [libpthread.so.0+0x8182]  start_thread+0xc2


---------------  P R O C E S S  ---------------

Java Threads: ( => current thread )

Other Threads:

=>0x00002ae18c00a000 (exited) JavaThread "Unknown thread" [_thread_in_vm, id=31976, stack(0x00002ae189c97000,0x00002ae189d98000)]

VM state:not at safepoint (not fully initialized)

VM Mutex/Monitor currently owned by a thread: None

Deoptimization events (0 events):
No events

Internal exceptions (0 events):
No events

Events (0 events):
No events


Dynamic libraries:
00400000-00401000 r-xp 00000000 ca:01 36107                              /opt/jdk/jdk1.8.0_20/bin/java
00600000-00601000 rw-p 00000000 ca:01 36107                              /opt/jdk/jdk1.8.0_20/bin/java
0139a000-013bb000 rw-p 00000000 00:00 0                                  [heap]
2ae189c65000-2ae189c88000 r-xp 00000000 ca:01 396002                     /lib/x86_64-linux-gnu/ld-2.19.so
2ae189c88000-2ae189c8a000 rw-p 00000000 00:00 0 
2ae189c8a000-2ae189c8b000 r--p 00000000 00:00 0 
2ae189c8b000-2ae189c8d000 rw-p 00000000 00:00 0 
2ae189c93000-2ae189c97000 rw-p 00000000 00:00 0 
2ae189c9a000-2ae189d98000 rw-p 00000000 00:00 0                          [stack:31976]
2ae189d98000-2ae189da0000 rw-s 00000000 ca:01 47534                      /tmp/hsperfdata_ubuntu/31960
2ae189e87000-2ae189e88000 r--p 00022000 ca:01 396002                     /lib/x86_64-linux-gnu/ld-2.19.so
2ae189e88000-2ae189e89000 rw-p 00023000 ca:01 396002                     /lib/x86_64-linux-gnu/ld-2.19.so
2ae189e89000-2ae189e8a000 rw-p 00000000 00:00 0 
2ae189e8a000-2ae189ea3000 r-xp 00000000 ca:01 396065                     /lib/x86_64-linux-gnu/libpthread-2.19.so
2ae189ea3000-2ae18a0a2000 ---p 00019000 ca:01 396065                     /lib/x86_64-linux-gnu/libpthread-2.19.so
2ae18a0a2000-2ae18a0a3000 r--p 00018000 ca:01 396065                     /lib/x86_64-linux-gnu/libpthread-2.19.so
2ae18a0a3000-2ae18a0a4000 rw-p 00019000 ca:01 396065                     /lib/x86_64-linux-gnu/libpthread-2.19.so
2ae18a0a4000-2ae18a0a8000 rw-p 00000000 00:00 0 
2ae18a0a8000-2ae18a0bd000 r-xp 00000000 ca:01 162827                     /opt/jdk/jdk1.8.0_20/lib/amd64/jli/libjli.so
2ae18a0bd000-2ae18a2bc000 ---p 00015000 ca:01 162827                     /opt/jdk/jdk1.8.0_20/lib/amd64/jli/libjli.so
2ae18a2bc000-2ae18a2bd000 rw-p 00014000 ca:01 162827                     /opt/jdk/jdk1.8.0_20/lib/amd64/jli/libjli.so
2ae18a2bd000-2ae18a2c0000 r-xp 00000000 ca:01 396021                     /lib/x86_64-linux-gnu/libdl-2.19.so
2ae18a2c0000-2ae18a4bf000 ---p 00003000 ca:01 396021                     /lib/x86_64-linux-gnu/libdl-2.19.so
2ae18a4bf000-2ae18a4c0000 r--p 00002000 ca:01 396021                     /lib/x86_64-linux-gnu/libdl-2.19.so
2ae18a4c0000-2ae18a4c1000 rw-p 00003000 ca:01 396021                     /lib/x86_64-linux-gnu/libdl-2.19.so
2ae18a4c1000-2ae18a67c000 r-xp 00000000 ca:01 396012                     /lib/x86_64-linux-gnu/libc-2.19.so
2ae18a67c000-2ae18a87c000 ---p 001bb000 ca:01 396012                     /lib/x86_64-linux-gnu/libc-2.19.so
2ae18a87c000-2ae18a880000 r--p 001bb000 ca:01 396012                     /lib/x86_64-linux-gnu/libc-2.19.so
2ae18a880000-2ae18a882000 rw-p 001bf000 ca:01 396012                     /lib/x86_64-linux-gnu/libc-2.19.so
2ae18a882000-2ae18a887000 rw-p 00000000 00:00 0 
2ae18a887000-2ae18b4f1000 r-xp 00000000 ca:01 36774                      /opt/jdk/jdk1.8.0_20/jre/lib/amd64/server/libjvm.so
2ae18b4f1000-2ae18b6f0000 ---p 00c6a000 ca:01 36774                      /opt/jdk/jdk1.8.0_20/jre/lib/amd64/server/libjvm.so
2ae18b6f0000-2ae18b7c7000 rw-p 00c69000 ca:01 36774                      /opt/jdk/jdk1.8.0_20/jre/lib/amd64/server/libjvm.so
2ae18b7c7000-2ae18b809000 rw-p 00000000 00:00 0 
2ae18b809000-2ae18b90e000 r-xp 00000000 ca:01 396035                     /lib/x86_64-linux-gnu/libm-2.19.so
2ae18b90e000-2ae18bb0d000 ---p 00105000 ca:01 396035                     /lib/x86_64-linux-gnu/libm-2.19.so
2ae18bb0d000-2ae18bb0e000 r--p 00104000 ca:01 396035                     /lib/x86_64-linux-gnu/libm-2.19.so
2ae18bb0e000-2ae18bb0f000 rw-p 00105000 ca:01 396035                     /lib/x86_64-linux-gnu/libm-2.19.so
2ae18bb0f000-2ae18bb16000 r-xp 00000000 ca:01 396068                     /lib/x86_64-linux-gnu/librt-2.19.so
2ae18bb16000-2ae18bd15000 ---p 00007000 ca:01 396068                     /lib/x86_64-linux-gnu/librt-2.19.so
2ae18bd15000-2ae18bd16000 r--p 00006000 ca:01 396068                     /lib/x86_64-linux-gnu/librt-2.19.so
2ae18bd16000-2ae18bd17000 rw-p 00007000 ca:01 396068                     /lib/x86_64-linux-gnu/librt-2.19.so
2ae18bd17000-2ae18bd24000 r-xp 00000000 ca:01 36792                      /opt/jdk/jdk1.8.0_20/jre/lib/amd64/libverify.so
2ae18bd24000-2ae18bf24000 ---p 0000d000 ca:01 36792                      /opt/jdk/jdk1.8.0_20/jre/lib/amd64/libverify.so
2ae18bf24000-2ae18bf26000 rw-p 0000d000 ca:01 36792                      /opt/jdk/jdk1.8.0_20/jre/lib/amd64/libverify.so
2ae18c000000-2ae18c022000 rw-p 00000000 00:00 0 
2ae18c022000-2ae190000000 ---p 00000000 00:00 0 
2ae190000000-2ae19002a000 r-xp 00000000 ca:01 36788                      /opt/jdk/jdk1.8.0_20/jre/lib/amd64/libjava.so
2ae19002a000-2ae19022a000 ---p 0002a000 ca:01 36788                      /opt/jdk/jdk1.8.0_20/jre/lib/amd64/libjava.so
2ae19022a000-2ae19022c000 rw-p 0002a000 ca:01 36788                      /opt/jdk/jdk1.8.0_20/jre/lib/amd64/libjava.so
2ae19022c000-2ae190235000 r-xp 00000000 ca:01 396044                     /lib/x86_64-linux-gnu/libnss_compat-2.19.so
2ae190235000-2ae190434000 ---p 00009000 ca:01 396044                     /lib/x86_64-linux-gnu/libnss_compat-2.19.so
2ae190434000-2ae190435000 r--p 00008000 ca:01 396044                     /lib/x86_64-linux-gnu/libnss_compat-2.19.so
2ae190435000-2ae190436000 rw-p 00009000 ca:01 396044                     /lib/x86_64-linux-gnu/libnss_compat-2.19.so
2ae190436000-2ae19044d000 r-xp 00000000 ca:01 396043                     /lib/x86_64-linux-gnu/libnsl-2.19.so
2ae19044d000-2ae19064c000 ---p 00017000 ca:01 396043                     /lib/x86_64-linux-gnu/libnsl-2.19.so
2ae19064c000-2ae19064d000 r--p 00016000 ca:01 396043                     /lib/x86_64-linux-gnu/libnsl-2.19.so
2ae19064d000-2ae19064e000 rw-p 00017000 ca:01 396043                     /lib/x86_64-linux-gnu/libnsl-2.19.so
2ae19064e000-2ae190650000 rw-p 00000000 00:00 0 
2ae190650000-2ae19065b000 r-xp 00000000 ca:01 396048                     /lib/x86_64-linux-gnu/libnss_nis-2.19.so
2ae19065b000-2ae19085a000 ---p 0000b000 ca:01 396048                     /lib/x86_64-linux-gnu/libnss_nis-2.19.so
2ae19085a000-2ae19085b000 r--p 0000a000 ca:01 396048                     /lib/x86_64-linux-gnu/libnss_nis-2.19.so
2ae19085b000-2ae19085c000 rw-p 0000b000 ca:01 396048                     /lib/x86_64-linux-gnu/libnss_nis-2.19.so
2ae19085c000-2ae190867000 r-xp 00000000 ca:01 396046                     /lib/x86_64-linux-gnu/libnss_files-2.19.so
2ae190867000-2ae190a66000 ---p 0000b000 ca:01 396046                     /lib/x86_64-linux-gnu/libnss_files-2.19.so
2ae190a66000-2ae190a67000 r--p 0000a000 ca:01 396046                     /lib/x86_64-linux-gnu/libnss_files-2.19.so
2ae190a67000-2ae190a68000 rw-p 0000b000 ca:01 396046                     /lib/x86_64-linux-gnu/libnss_files-2.19.so
2ae190a68000-2ae190cdd000 rw-p 00000000 00:00 0 
7fff0cdea000-7fff0ce0b000 rw-p 00000000 00:00 0                          [stack]
7fff0cea5000-7fff0cea7000 r-xp 00000000 00:00 0                          [vdso]
ffffffffff600000-ffffffffff601000 r-xp 00000000 00:00 0                  [vsyscall]

VM Arguments:
jvm_args: -XX:+TieredCompilation -XX:TieredStopAtLevel=1 
java_command: JavaRunner Main import java.io.ByteArrayOutputStream;import java.io.PrintStream;public class Main {  public static void main(String args[]) {try {
    final ByteArrayOutputStream $userOut = new ByteArrayOutputStream(); final ByteArrayOutputStream $userErr = new ByteArrayOutputStream(); final PrintStream _$sysOut = System.out; final PrintStream _$sysErr = System.err; System.setOut(new PrintStream($userOut)); System.setErr(new PrintStream($userErr)); Test.setHash("103679175");
// Starting Code leave blank if you want Student to start from scrach
System.out.print("Hello");

System.setOut(_$sysOut);System.setErr(_$sysErr);
if($userOut.toString().equals("Hello")) {
  Test.pass(1);
} else {
  Test.fail("excpected ''Hello'' got "+$userOut.toString()); 
}  } catch (Exception e) {System.err.print("Exception line "+(e.getStackTrace()[0].getLineNumber())+" "+e);}}}
java_class_path (initial): /home/ubuntu/kodr/back/java-runner
Launcher Type: SUN_STANDARD

Environment Variables:
PATH=/usr/local/sbin:/usr/local/bin:/usr/sbin:/usr/bin:/sbin:/bin:/usr/games:/usr/local/games
SHELL=/bin/bash

Signal Handlers:
SIGSEGV: [libjvm.so+0xa77530], sa_mask[0]=11111111011111111101111111111110, sa_flags=SA_RESTART|SA_SIGINFO
SIGBUS: [libjvm.so+0xa77530], sa_mask[0]=11111111011111111101111111111110, sa_flags=SA_RESTART|SA_SIGINFO
SIGFPE: [libjvm.so+0x8e1d90], sa_mask[0]=11111111011111111101111111111110, sa_flags=SA_RESTART|SA_SIGINFO
SIGPIPE: [libjvm.so+0x8e1d90], sa_mask[0]=11111111011111111101111111111110, sa_flags=SA_RESTART|SA_SIGINFO
SIGXFSZ: [libjvm.so+0x8e1d90], sa_mask[0]=11111111011111111101111111111110, sa_flags=SA_RESTART|SA_SIGINFO
SIGILL: [libjvm.so+0x8e1d90], sa_mask[0]=11111111011111111101111111111110, sa_flags=SA_RESTART|SA_SIGINFO
SIGUSR1: SIG_DFL, sa_mask[0]=00000000000000000000000000000000, sa_flags=none
SIGUSR2: [libjvm.so+0x8e35c0], sa_mask[0]=00000000000000000000000000000000, sa_flags=SA_RESTART|SA_SIGINFO
SIGHUP: SIG_DFL, sa_mask[0]=00000000000000000000000000000000, sa_flags=none
SIGINT: SIG_DFL, sa_mask[0]=00000000000000000000000000000000, sa_flags=none
SIGTERM: SIG_DFL, sa_mask[0]=00000000000000000000000000000000, sa_flags=none
SIGQUIT: SIG_DFL, sa_mask[0]=00000000000000000000000000000000, sa_flags=none


---------------  S Y S T E M  ---------------

OS:DISTRIB_ID=Ubuntu
DISTRIB_RELEASE=14.04
DISTRIB_CODENAME=trusty
DISTRIB_DESCRIPTION="Ubuntu 14.04.1 LTS"
