#
# A fatal error has been detected by the Java Runtime Environment:
#
#  SIGSEGV (0xb) at pc=0x0000000103a42846, pid=32849, tid=3335
#
# JRE version: Java(TM) SE Runtime Environment (8.0_05-b13) (build 1.8.0_05-b13)
# Java VM: Java HotSpot(TM) 64-Bit Server VM (25.5-b02 mixed mode bsd-amd64 compressed oops)
# Problematic frame:
# V  [libjvm.dylib+0x442846]  SR_handler(int, __siginfo*, __darwin_ucontext*)+0x2e
#
# Failed to write core dump. Core dumps have been disabled. To enable core dumping, try "ulimit -c unlimited" before starting Java again
#
# If you would like to submit a bug report, please visit:
#   http://bugreport.sun.com/bugreport/crash.jsp
#

---------------  T H R E A D  ---------------

Current thread is native thread

siginfo:si_signo=SIGSEGV: si_errno=0, si_code=1 (SEGV_MAPERR), si_addr=0x0000000000000110

Registers:
RAX=0x0000000000000000, RBX=0x00007fff5d011e80, RCX=0x00007fff5d011e18, RDX=0x00007fff5d011e80
RSP=0x00007fff5d0119b0, RBP=0x00007fff5d0119e0, RSI=0x00007fff5d011e18, RDI=0x0000000000000102
R8 =0x00007fff5d011e80, R9 =0x00000000ffffffff, R10=0x0000000000000c00, R11=0x0000000000000206
R12=0x0000000000000c00, R13=0x0000000000000000, R14=0x00007fff5d011e18, R15=0x0000000000000002
RIP=0x0000000103a42846, EFLAGS=0x0000000000010206, ERR=0x0000000000000004
  TRAPNO=0x000000000000000e

Top of Stack: (sp=0x00007fff5d0119b0)
0x00007fff5d0119b0:   00007fff976c8000 00007fff5d011e80
0x00007fff5d0119c0:   0000000000000c00 0000000000000000
0x00007fff5d0119d0:   00007fff5d012070 0000000000001203
0x00007fff5d0119e0:   00007fff5d0119f0 00007fff969905aa
0x00007fff5d0119f0:   00007fff5d011f80 00007fff91b40000
0x00007fff5d011a00:   00007fff91b40a20 00000000537d2b16
0x00007fff5d011a10:   0100001f00000085 0000000103401000
0x00007fff5d011a20:   0000000010004005 0000000007000006
0x00007fff5d011a30:   00007fff5d011f38 0000000000000000
0x00007fff5d011a40:   00007fff5d012070 0000000007000006
0x00007fff5d011a50:   00007fff5d011f80 00007fff5d011f38
0x00007fff5d011a60:   0000000000001203 00000000ffffffff
0x00007fff5d011a70:   0000000000000c00 0000000000000206
0x00007fff5d011a80:   0000000000000c00 0000000000000000
0x00007fff5d011a90:   00007fff5d012070 0000000000001203
0x00007fff5d011aa0:   00007fff9735ba1a 0000000000000206
0x00007fff5d011ab0:   0000000000000007 0000000000000000
0x00007fff5d011ac0:   0000000091d40000 0000000000000000
0x00007fff5d011ad0:   000000000000037f 0000000000000000
0x00007fff5d011ae0:   0000000000000000 0000ffff00001fa0
0x00007fff5d011af0:   0000000000000000 000000000000ffff
0x00007fff5d011b00:   0000000000000100 000000000000ffff
0x00007fff5d011b10:   0000000000000000 0000000000000000
0x00007fff5d011b20:   0000000000000000 0000000000000000
0x00007fff5d011b30:   0000000000000000 0000000000000000
0x00007fff5d011b40:   0000000000000000 000000000000ffff
0x00007fff5d011b50:   000000000126b1ff 000000000000ffff
0x00007fff5d011b60:   0000000086d229dc 000000000000ffff
0x00007fff5d011b70:   41be185580000000 0000000000000000
0x00007fff5d011b80:   4415af1d78b58c40 0000000000000000
0x00007fff5d011b90:   c3de3f14c6cdff94 439c0eb3932006c2
0x00007fff5d011ba0:   0000000000000000 0000000000000000 

Instructions: (pc=0x0000000103a42846)
0x0000000103a42826:   83 ec 08 48 89 d3 49 89 f6 e8 06 26 13 00 44 8b
0x0000000103a42836:   38 48 8d 05 d2 04 38 00 48 63 38 e8 ac 28 13 00
0x0000000103a42846:   4c 8b a0 10 01 00 00 41 83 7c 24 34 01 0f 85 e2
0x0000000103a42856:   00 00 00 49 89 5c 24 40 4d 89 74 24 38 49 8d 5c 

Register to memory mapping:

RAX=0x0000000000000000 is an unknown value
RBX=0x00007fff5d011e80 is an unknown value
RCX=0x00007fff5d011e18 is an unknown value
RDX=0x00007fff5d011e80 is an unknown value
RSP=0x00007fff5d0119b0 is an unknown value
RBP=0x00007fff5d0119e0 is an unknown value
RSI=0x00007fff5d011e18 is an unknown value
RDI=0x0000000000000102 is an unknown value
R8 =0x00007fff5d011e80 is an unknown value
R9 =0x00000000ffffffff is an unknown value
R10=0x0000000000000c00 is an unknown value
R11=0x0000000000000206 is an unknown value
R12=0x0000000000000c00 is an unknown value
R13=0x0000000000000000 is an unknown value
R14=0x00007fff5d011e18 is an unknown value
R15=0x0000000000000002 is an unknown value


Stack: [0x00007fff5c815000,0x00007fff5d015000],  sp=0x00007fff5d0119b0,  free space=8178k
Native frames: (J=compiled Java code, j=interpreted, Vv=VM code, C=native code)
V  [libjvm.dylib+0x442846]  SR_handler(int, __siginfo*, __darwin_ucontext*)+0x2e
C  [libsystem_platform.dylib+0x35aa]  _sigtramp+0x1a
C  [DesktopServicesPriv+0x0]  __dso_handle+0x0
C  [CoreFoundation+0x70f15]  __CFRunLoopServiceMachPort+0xb5
C  [CoreFoundation+0x70539]  __CFRunLoopRun+0x489
C  [CoreFoundation+0x6fe75]  CFRunLoopRunSpecific+0x135
C  [java+0x56cb]  CreateExecutionEnvironment+0x367
C  [java+0x166c]  JLI_Launch+0x7a0
C  [java+0x7689]  main+0x65
C  [java+0xec4]  start+0x34


---------------  P R O C E S S  ---------------

VM state:not at safepoint (normal execution)

VM Mutex/Monitor currently owned by a thread: None

Heap:
 PSYoungGen      total 2560K, used 1512K [0x0000000795580000, 0x0000000795c80000, 0x00000007c0000000)
  eden space 2048K, 48% used [0x0000000795580000,0x000000079567a208,0x0000000795780000)
  from space 512K, 100% used [0x0000000795780000,0x0000000795800000,0x0000000795800000)
  to   space 1536K, 0% used [0x0000000795b00000,0x0000000795b00000,0x0000000795c80000)
 ParOldGen       total 129536K, used 1109K [0x0000000740000000, 0x0000000747e80000, 0x0000000795580000)
  object space 129536K, 0% used [0x0000000740000000,0x00000007401157a0,0x0000000747e80000)
 Metaspace       used 5602K, capacity 5704K, committed 5888K, reserved 1056768K
  class space    used 648K, capacity 688K, committed 768K, reserved 1048576K

Card table byte_map: [0x0000000113983000,0x0000000113d84000] byte_map_base: 0x000000010ff83000

Marking Bits: (ParMarkBitMap*) 0x0000000103e660a0
 Begin Bits: [0x000000011443b000, 0x000000011643b000)
 End Bits:   [0x000000011643b000, 0x000000011843b000)

Polling page: 0x0000000102d41000

CodeCache: size=245760Kb used=1797Kb max_used=1797Kb free=243962Kb
 bounds [0x00000001045c3000, 0x0000000104833000, 0x00000001135c3000]
 total_blobs=590 nmethods=302 adapters=204
 compilation: enabled

Compilation events (10 events):
Event: 0.275 Thread 0x00007fc674827000  298  s    3       sun.misc.Resource::cachedInputStream (20 bytes)
Event: 0.275 Thread 0x00007fc674827000 nmethod 298 0x0000000104778550 code [0x00000001047786c0, 0x0000000104778aa8]
Event: 0.275 Thread 0x00007fc674827000  299       3       java.security.CodeSource::getCertificates (98 bytes)
Event: 0.275 Thread 0x00007fc674827000 nmethod 299 0x0000000104779b90 code [0x0000000104779dc0, 0x000000010477a978]
Event: 0.278 Thread 0x00007fc674827000  300       3       java.lang.ClassLoader::loadClass (7 bytes)
Event: 0.278 Thread 0x00007fc674827000 nmethod 300 0x0000000104778150 code [0x00000001047782c0, 0x00000001047784c8]
Event: 0.278 Thread 0x00007fc674827000  301       3       sun.misc.Launcher$AppClassLoader::loadClass (40 bytes)
Event: 0.278 Thread 0x00007fc674827000 nmethod 301 0x0000000104783090 code [0x0000000104783240, 0x00000001047837d8]
Event: 0.284 Thread 0x00007fc674827000  302  s!   3       java.net.URLStreamHandler::getHostAddress (54 bytes)
Event: 0.285 Thread 0x00007fc674827000 nmethod 302 0x0000000104784210 code [0x00000001047843c0, 0x0000000104784b98]

GC Heap History (10 events):
Event: 0.071 GC heap before
{Heap before GC invocations=1 (full 0):
 PSYoungGen      total 1024K, used 512K [0x0000000795580000, 0x0000000795700000, 0x00000007c0000000)
  eden space 512K, 100% used [0x0000000795580000,0x0000000795600000,0x0000000795600000)
  from space 512K, 0% used [0x0000000795680000,0x0000000795680000,0x0000000795700000)
  to   space 512K, 0% used [0x0000000795600000,0x0000000795600000,0x0000000795680000)
 ParOldGen       total 129536K, used 0K [0x0000000740000000, 0x0000000747e80000, 0x0000000795580000)
  object space 129536K, 0% used [0x0000000740000000,0x0000000740000000,0x0000000747e80000)
 Metaspace       used 2486K, capacity 4480K, committed 4480K, reserved 1056768K
  class space    used 268K, capacity 384K, committed 384K, reserved 1048576K
Event: 0.072 GC heap after
Heap after GC invocations=1 (full 0):
 PSYoungGen      total 1024K, used 416K [0x0000000795580000, 0x0000000795780000, 0x00000007c0000000)
  eden space 512K, 0% used [0x0000000795580000,0x0000000795580000,0x0000000795600000)
  from space 512K, 81% used [0x0000000795600000,0x0000000795668020,0x0000000795680000)
  to   space 512K, 0% used [0x0000000795700000,0x0000000795700000,0x0000000795780000)
 ParOldGen       total 129536K, used 8K [0x0000000740000000, 0x0000000747e80000, 0x0000000795580000)
  object space 129536K, 0% used [0x0000000740000000,0x0000000740002000,0x0000000747e80000)
 Metaspace       used 2486K, capacity 4480K, committed 4480K, reserved 1056768K
  class space    used 268K, capacity 384K, committed 384K, reserved 1048576K
}
Event: 0.096 GC heap before
{Heap before GC invocations=2 (full 0):
 PSYoungGen      total 1024K, used 928K [0x0000000795580000, 0x0000000795780000, 0x00000007c0000000)
  eden space 512K, 100% used [0x0000000795580000,0x0000000795600000,0x0000000795600000)
  from space 512K, 81% used [0x0000000795600000,0x0000000795668020,0x0000000795680000)
  to   space 512K, 0% used [0x0000000795700000,0x0000000795700000,0x0000000795780000)
 ParOldGen       total 129536K, used 8K [0x0000000740000000, 0x0000000747e80000, 0x0000000795580000)
  object space 129536K, 0% used [0x0000000740000000,0x0000000740002000,0x0000000747e80000)
 Metaspace       used 2807K, capacity 4486K, committed 4864K, reserved 1056768K
  class space    used 304K, capacity 386K, committed 512K, reserved 1048576K
Event: 0.097 GC heap after
Heap after GC invocations=2 (full 0):
 PSYoungGen      total 1536K, used 480K [0x0000000795580000, 0x0000000795780000, 0x00000007c0000000)
  eden space 1024K, 0% used [0x0000000795580000,0x0000000795580000,0x0000000795680000)
  from space 512K, 93% used [0x0000000795700000,0x0000000795778020,0x0000000795780000)
  to   space 512K, 0% used [0x0000000795680000,0x0000000795680000,0x0000000795700000)
 ParOldGen       total 129536K, used 48K [0x0000000740000000, 0x0000000747e80000, 0x0000000795580000)
  object space 129536K, 0% used [0x0000000740000000,0x000000074000c000,0x0000000747e80000)
 Metaspace       used 2807K, capacity 4486K, committed 4864K, reserved 1056768K
  class space    used 304K, capacity 386K, committed 512K, reserved 1048576K
}
Event: 0.126 GC heap before
{Heap before GC invocations=3 (full 0):
 PSYoungGen      total 1536K, used 1504K [0x0000000795580000, 0x0000000795780000, 0x00000007c0000000)
  eden space 1024K, 100% used [0x0000000795580000,0x0000000795680000,0x0000000795680000)
  from space 512K, 93% used [0x0000000795700000,0x0000000795778020,0x0000000795780000)
  to   space 512K, 0% used [0x0000000795680000,0x0000000795680000,0x0000000795700000)
 ParOldGen       total 129536K, used 48K [0x0000000740000000, 0x0000000747e80000, 0x0000000795580000)
  object space 129536K, 0% used [0x0000000740000000,0x000000074000c000,0x0000000747e80000)
 Metaspace       used 3142K, capacity 4720K, committed 4864K, reserved 1056768K
  class space    used 349K, capacity 424K, committed 512K, reserved 1048576K
Event: 0.126 GC heap after
Heap after GC invocations=3 (full 0):
 PSYoungGen      total 1536K, used 496K [0x0000000795580000, 0x0000000795880000, 0x00000007c0000000)
  eden space 1024K, 0% used [0x0000000795580000,0x0000000795580000,0x0000000795680000)
  from space 512K, 96% used [0x0000000795680000,0x00000007956fc010,0x0000000795700000)
  to   space 512K, 0% used [0x0000000795800000,0x0000000795800000,0x0000000795880000)
 ParOldGen       total 129536K, used 257K [0x0000000740000000, 0x0000000747e80000, 0x0000000795580000)
  object space 129536K, 0% used [0x0000000740000000,0x0000000740040780,0x0000000747e80000)
 Metaspace       used 3142K, capacity 4720K, committed 4864K, reserved 1056768K
  class space    used 349K, capacity 424K, committed 512K, reserved 1048576K
}
Event: 0.160 GC heap before
{Heap before GC invocations=4 (full 0):
 PSYoungGen      total 1536K, used 1517K [0x0000000795580000, 0x0000000795880000, 0x00000007c0000000)
  eden space 1024K, 99% used [0x0000000795580000,0x000000079567f7e0,0x0000000795680000)
  from space 512K, 96% used [0x0000000795680000,0x00000007956fc010,0x0000000795700000)
  to   space 512K, 0% used [0x0000000795800000,0x0000000795800000,0x0000000795880000)
 ParOldGen       total 129536K, used 257K [0x0000000740000000, 0x0000000747e80000, 0x0000000795580000)
  object space 129536K, 0% used [0x0000000740000000,0x0000000740040780,0x0000000747e80000)
 Metaspace       used 3929K, capacity 4886K, committed 5120K, reserved 1056768K
  class space    used 436K, capacity 462K, committed 512K, reserved 1048576K
Event: 0.161 GC heap after
Heap after GC invocations=4 (full 0):
 PSYoungGen      total 2560K, used 480K [0x0000000795580000, 0x0000000795880000, 0x00000007c0000000)
  eden space 2048K, 0% used [0x0000000795580000,0x0000000795580000,0x0000000795780000)
  from space 512K, 93% used [0x0000000795800000,0x0000000795878020,0x0000000795880000)
  to   space 512K, 0% used [0x0000000795780000,0x0000000795780000,0x0000000795800000)
 ParOldGen       total 129536K, used 586K [0x0000000740000000, 0x0000000747e80000, 0x0000000795580000)
  object space 129536K, 0% used [0x0000000740000000,0x0000000740092940,0x0000000747e80000)
 Metaspace       used 3929K, capacity 4886K, committed 5120K, reserved 1056768K
  class space    used 436K, capacity 462K, committed 512K, reserved 1048576K
}
Event: 0.232 GC heap before
{Heap before GC invocations=5 (full 0):
 PSYoungGen      total 2560K, used 2528K [0x0000000795580000, 0x0000000795880000, 0x00000007c0000000)
  eden space 2048K, 100% used [0x0000000795580000,0x0000000795780000,0x0000000795780000)
  from space 512K, 93% used [0x0000000795800000,0x0000000795878020,0x0000000795880000)
  to   space 512K, 0% used [0x0000000795780000,0x0000000795780000,0x0000000795800000)
 ParOldGen       total 129536K, used 586K [0x0000000740000000, 0x0000000747e80000, 0x0000000795580000)
  object space 129536K, 0% used [0x0000000740000000,0x0000000740092940,0x0000000747e80000)
 Metaspace       used 4496K, capacity 5304K, committed 5504K, reserved 1056768K
  class space    used 515K, capacity 560K, committed 640K, reserved 1048576K
Event: 0.233 GC heap after
Heap after GC invocations=5 (full 0):
 PSYoungGen      total 2560K, used 512K [0x0000000795580000, 0x0000000795c80000, 0x00000007c0000000)
  eden space 2048K, 0% used [0x0000000795580000,0x0000000795580000,0x0000000795780000)
  from space 512K, 100% used [0x0000000795780000,0x0000000795800000,0x0000000795800000)
  to   space 1536K, 0% used [0x0000000795b00000,0x0000000795b00000,0x0000000795c80000)
 ParOldGen       total 129536K, used 1109K [0x0000000740000000, 0x0000000747e80000, 0x0000000795580000)
  object space 129536K, 0% used [0x0000000740000000,0x00000007401157a0,0x0000000747e80000)
 Metaspace       used 4496K, capacity 5304K, committed 5504K, reserved 1056768K
  class space    used 515K, capacity 560K, committed 640K, reserved 1048576K
}

Deoptimization events (0 events):
No events

Internal exceptions (10 events):
Event: 0.242 Thread 0x00007fc67380f000 Exception <a 'java/security/PrivilegedActionException'> (0x00000007955cf328) thrown at [/HUDSON/workspace/8-2-build-macosx-x86_64/jdk8u5/2488/hotspot/src/share/vm/prims/jvm.cpp, line 1248]
Event: 0.269 Thread 0x00007fc67380f000 Exception <a 'java/security/PrivilegedActionException'> (0x0000000795626da8) thrown at [/HUDSON/workspace/8-2-build-macosx-x86_64/jdk8u5/2488/hotspot/src/share/vm/prims/jvm.cpp, line 1248]
Event: 0.271 Thread 0x00007fc67380f000 Exception <a 'java/security/PrivilegedActionException'> (0x0000000795632ec0) thrown at [/HUDSON/workspace/8-2-build-macosx-x86_64/jdk8u5/2488/hotspot/src/share/vm/prims/jvm.cpp, line 1248]
Event: 0.271 Thread 0x00007fc67380f000 Exception <a 'java/security/PrivilegedActionException'> (0x0000000795637598) thrown at [/HUDSON/workspace/8-2-build-macosx-x86_64/jdk8u5/2488/hotspot/src/share/vm/prims/jvm.cpp, line 1248]
Event: 0.272 Thread 0x00007fc67380f000 Exception <a 'java/security/PrivilegedActionException'> (0x000000079563ca40) thrown at [/HUDSON/workspace/8-2-build-macosx-x86_64/jdk8u5/2488/hotspot/src/share/vm/prims/jvm.cpp, line 1248]
Event: 0.272 Thread 0x00007fc67380f000 Exception <a 'java/security/PrivilegedActionException'> (0x0000000795643930) thrown at [/HUDSON/workspace/8-2-build-macosx-x86_64/jdk8u5/2488/hotspot/src/share/vm/prims/jvm.cpp, line 1248]
Event: 0.274 Thread 0x00007fc67380f000 Exception <a 'java/security/PrivilegedActionException'> (0x0000000795650fa8) thrown at [/HUDSON/workspace/8-2-build-macosx-x86_64/jdk8u5/2488/hotspot/src/share/vm/prims/jvm.cpp, line 1248]
Event: 0.274 Thread 0x00007fc67380f000 Exception <a 'java/security/PrivilegedActionException'> (0x0000000795657e20) thrown at [/HUDSON/workspace/8-2-build-macosx-x86_64/jdk8u5/2488/hotspot/src/share/vm/prims/jvm.cpp, line 1248]
Event: 0.283 Thread 0x00007fc67380f000 Exception <a 'java/security/PrivilegedActionException'> (0x0000000795665bc0) thrown at [/HUDSON/workspace/8-2-build-macosx-x86_64/jdk8u5/2488/hotspot/src/share/vm/prims/jvm.cpp, line 1248]
Event: 0.284 Thread 0x00007fc6750b0000 Exception <a 'java/security/PrivilegedActionException'> (0x0000000795674860) thrown at [/HUDSON/workspace/8-2-build-macosx-x86_64/jdk8u5/2488/hotspot/src/share/vm/prims/jvm.cpp, line 1248]

Events (10 events):
Event: 0.284 loading class java/nio/channels/spi/AbstractSelectionKey done
Event: 0.284 loading class sun/nio/ch/SelectionKeyImpl done
Event: 0.285 loading class sun/nio/ch/KQueueSelectorImpl$MapEntry
Event: 0.285 loading class sun/nio/ch/KQueueSelectorImpl$MapEntry done
Event: 0.285 loading class sun/nio/ch/KQueueArrayWrapper$Update
Event: 0.285 loading class sun/nio/ch/KQueueArrayWrapper$Update done
Event: 0.285 loading class java/nio/channels/spi/AbstractSelector$1
Event: 0.285 loading class java/nio/channels/spi/AbstractSelector$1 done
Event: 4.087 Executing VM operation: EnableBiasedLocking
Event: 4.087 Executing VM operation: EnableBiasedLocking done


Dynamic libraries:
0x000000000aad1000 	/System/Library/Frameworks/Cocoa.framework/Versions/A/Cocoa
0x000000000aad1000 	/System/Library/Frameworks/Security.framework/Versions/A/Security
0x000000000aad1000 	/System/Library/Frameworks/ApplicationServices.framework/Versions/A/ApplicationServices
0x000000000aad1000 	/usr/lib/libz.1.dylib
0x000000000aad1000 	/usr/lib/libSystem.B.dylib
0x000000000aad1000 	/usr/lib/libobjc.A.dylib
0x000000000aad1000 	/System/Library/Frameworks/CoreFoundation.framework/Versions/A/CoreFoundation
0x000000000aad1000 	/System/Library/Frameworks/Foundation.framework/Versions/C/Foundation
0x000000000aad1000 	/System/Library/Frameworks/AppKit.framework/Versions/C/AppKit
0x000000000aad1000 	/System/Library/Frameworks/CoreData.framework/Versions/A/CoreData
0x000000000aad1000 	/System/Library/PrivateFrameworks/RemoteViewServices.framework/Versions/A/RemoteViewServices
0x000000000aad1000 	/System/Library/Frameworks/AudioToolbox.framework/Versions/A/AudioToolbox
0x000000000aad1000 	/System/Library/Frameworks/AudioUnit.framework/Versions/A/AudioUnit
0x000000000aad1000 	/System/Library/PrivateFrameworks/DataDetectorsCore.framework/Versions/A/DataDetectorsCore
0x000000000aad1000 	/System/Library/PrivateFrameworks/DesktopServicesPriv.framework/Versions/A/DesktopServicesPriv
0x000000000aad1000 	/System/Library/Frameworks/Carbon.framework/Versions/A/Frameworks/HIToolbox.framework/Versions/A/HIToolbox
0x000000000aad1000 	/System/Library/Frameworks/QuartzCore.framework/Versions/A/QuartzCore
0x000000000aad1000 	/System/Library/Frameworks/Carbon.framework/Versions/A/Frameworks/SpeechRecognition.framework/Versions/A/SpeechRecognition
0x000000000aad1000 	/usr/lib/libauto.dylib
0x000000000aad1000 	/usr/lib/libicucore.A.dylib
0x000000000aad1000 	/usr/lib/libxml2.2.dylib
0x000000000aad1000 	/System/Library/PrivateFrameworks/CoreUI.framework/Versions/A/CoreUI
0x000000000aad1000 	/System/Library/Frameworks/CoreAudio.framework/Versions/A/CoreAudio
0x000000000aad1000 	/System/Library/Frameworks/DiskArbitration.framework/Versions/A/DiskArbitration
0x000000000aad1000 	/usr/lib/liblangid.dylib
0x000000000aad1000 	/System/Library/PrivateFrameworks/MultitouchSupport.framework/Versions/A/MultitouchSupport
0x000000000aad1000 	/System/Library/Frameworks/IOKit.framework/Versions/A/IOKit
0x000000000aad1000 	/usr/lib/libDiagnosticMessagesClient.dylib
0x000000000aad1000 	/System/Library/Frameworks/CoreServices.framework/Versions/A/CoreServices
0x000000000aad1000 	/System/Library/PrivateFrameworks/PerformanceAnalysis.framework/Versions/A/PerformanceAnalysis
0x000000000aad1000 	/System/Library/PrivateFrameworks/GenerationalStorage.framework/Versions/A/GenerationalStorage
0x000000000aad1000 	/System/Library/Frameworks/OpenGL.framework/Versions/A/OpenGL
0x000000000aad1000 	/System/Library/PrivateFrameworks/Sharing.framework/Versions/A/Sharing
0x000000000aad1000 	/System/Library/Frameworks/ImageIO.framework/Versions/A/ImageIO
0x000000000aad1000 	/System/Library/Frameworks/CoreText.framework/Versions/A/CoreText
0x000000000aad1000 	/System/Library/Frameworks/CoreGraphics.framework/Versions/A/CoreGraphics
0x000000000aad1000 	/System/Library/PrivateFrameworks/Backup.framework/Versions/A/Backup
0x000000000aad1000 	/System/Library/Frameworks/CFNetwork.framework/Versions/A/CFNetwork
0x000000000aad1000 	/System/Library/Frameworks/SystemConfiguration.framework/Versions/A/SystemConfiguration
0x000000000aad1000 	/usr/lib/libCRFSuite.dylib
0x000000000aad1000 	/usr/lib/libc++.1.dylib
0x000000000aad1000 	/usr/lib/libc++abi.dylib
0x000000000aad1000 	/usr/lib/system/libcache.dylib
0x000000000aad1000 	/usr/lib/system/libcommonCrypto.dylib
0x000000000aad1000 	/usr/lib/system/libcompiler_rt.dylib
0x000000000aad1000 	/usr/lib/system/libcopyfile.dylib
0x000000000aad1000 	/usr/lib/system/libcorecrypto.dylib
0x000000000aad1000 	/usr/lib/system/libdispatch.dylib
0x000000000aad1000 	/usr/lib/system/libdyld.dylib
0x000000000aad1000 	/usr/lib/system/libkeymgr.dylib
0x000000000aad1000 	/usr/lib/system/liblaunch.dylib
0x000000000aad1000 	/usr/lib/system/libmacho.dylib
0x000000000aad1000 	/usr/lib/system/libquarantine.dylib
0x000000000aad1000 	/usr/lib/system/libremovefile.dylib
0x000000000aad1000 	/usr/lib/system/libsystem_asl.dylib
0x000000000aad1000 	/usr/lib/system/libsystem_blocks.dylib
0x000000000aad1000 	/usr/lib/system/libsystem_c.dylib
0x000000000aad1000 	/usr/lib/system/libsystem_configuration.dylib
0x000000000aad1000 	/usr/lib/system/libsystem_dnssd.dylib
0x000000000aad1000 	/usr/lib/system/libsystem_info.dylib
0x000000000aad1000 	/usr/lib/system/libsystem_kernel.dylib
0x000000000aad1000 	/usr/lib/system/libsystem_m.dylib
0x000000000aad1000 	/usr/lib/system/libsystem_malloc.dylib
0x000000000aad1000 	/usr/lib/system/libsystem_network.dylib
0x000000000aad1000 	/usr/lib/system/libsystem_notify.dylib
0x000000000aad1000 	/usr/lib/system/libsystem_platform.dylib
0x000000000aad1000 	/usr/lib/system/libsystem_pthread.dylib
0x000000000aad1000 	/usr/lib/system/libsystem_sandbox.dylib
0x000000000aad1000 	/usr/lib/system/libsystem_stats.dylib
0x000000000aad1000 	/usr/lib/system/libunc.dylib
0x000000000aad1000 	/usr/lib/system/libunwind.dylib
0x000000000aad1000 	/usr/lib/system/libxpc.dylib
0x000000000aad1000 	/usr/lib/libbsm.0.dylib
0x000000000aad1000 	/usr/lib/libsqlite3.dylib
0x000000000aad1000 	/usr/lib/libxar.1.dylib
0x000000000aad1000 	/usr/lib/libpam.2.dylib
0x000000000aad1000 	/usr/lib/libOpenScriptingUtil.dylib
0x000000000aad1000 	/usr/lib/libbz2.1.0.dylib
0x000000000aad1000 	/System/Library/Frameworks/CoreServices.framework/Versions/A/Frameworks/CarbonCore.framework/Versions/A/CarbonCore
0x000000000aad1000 	/System/Library/Frameworks/CoreServices.framework/Versions/A/Frameworks/Metadata.framework/Versions/A/Metadata
0x000000000aad1000 	/System/Library/Frameworks/CoreServices.framework/Versions/A/Frameworks/OSServices.framework/Versions/A/OSServices
0x000000000aad1000 	/System/Library/Frameworks/CoreServices.framework/Versions/A/Frameworks/SearchKit.framework/Versions/A/SearchKit
0x000000000aad1000 	/System/Library/Frameworks/CoreServices.framework/Versions/A/Frameworks/AE.framework/Versions/A/AE
0x000000000aad1000 	/System/Library/Frameworks/CoreServices.framework/Versions/A/Frameworks/LaunchServices.framework/Versions/A/LaunchServices
0x000000000aad1000 	/System/Library/Frameworks/CoreServices.framework/Versions/A/Frameworks/DictionaryServices.framework/Versions/A/DictionaryServices
0x000000000aad1000 	/System/Library/Frameworks/NetFS.framework/Versions/A/NetFS
0x000000000aad1000 	/usr/lib/system/libkxld.dylib
0x000000000aad1000 	/System/Library/PrivateFrameworks/NetAuth.framework/Versions/A/NetAuth
0x000000000aad1000 	/System/Library/PrivateFrameworks/TCC.framework/Versions/A/TCC
0x000000000aad1000 	/System/Library/Frameworks/OpenDirectory.framework/Versions/A/Frameworks/CFOpenDirectory.framework/Versions/A/CFOpenDirectory
0x000000000aad1000 	/System/Library/Frameworks/ServiceManagement.framework/Versions/A/ServiceManagement
0x000000000aad1000 	/usr/lib/libxslt.1.dylib
0x000000000aad1000 	/System/Library/Frameworks/Carbon.framework/Versions/A/Frameworks/Ink.framework/Versions/A/Ink
0x000000000aad1000 	/System/Library/Frameworks/ApplicationServices.framework/Versions/A/Frameworks/ATS.framework/Versions/A/ATS
0x000000000aad1000 	/System/Library/Frameworks/ApplicationServices.framework/Versions/A/Frameworks/ColorSync.framework/Versions/A/ColorSync
0x000000000aad1000 	/System/Library/Frameworks/ApplicationServices.framework/Versions/A/Frameworks/HIServices.framework/Versions/A/HIServices
0x000000000aad1000 	/System/Library/Frameworks/ApplicationServices.framework/Versions/A/Frameworks/LangAnalysis.framework/Versions/A/LangAnalysis
0x000000000aad1000 	/System/Library/Frameworks/ApplicationServices.framework/Versions/A/Frameworks/PrintCore.framework/Versions/A/PrintCore
0x000000000aad1000 	/System/Library/Frameworks/ApplicationServices.framework/Versions/A/Frameworks/QD.framework/Versions/A/QD
0x000000000aad1000 	/System/Library/Frameworks/ApplicationServices.framework/Versions/A/Frameworks/SpeechSynthesis.framework/Versions/A/SpeechSynthesis
0x000000000aad1000 	/System/Library/Frameworks/IOSurface.framework/Versions/A/IOSurface
0x000000000aad1000 	/System/Library/Frameworks/Accelerate.framework/Versions/A/Accelerate
0x000000000aad1000 	/System/Library/Frameworks/Accelerate.framework/Versions/A/Frameworks/vImage.framework/Versions/A/vImage
0x000000000aad1000 	/System/Library/Frameworks/Accelerate.framework/Versions/A/Frameworks/vecLib.framework/Versions/A/vecLib
0x000000000aad1000 	/System/Library/Frameworks/Accelerate.framework/Versions/A/Frameworks/vecLib.framework/Versions/A/libvDSP.dylib
0x000000000aad1000 	/System/Library/Frameworks/Accelerate.framework/Versions/A/Frameworks/vecLib.framework/Versions/A/libvMisc.dylib
0x000000000aad1000 	/System/Library/Frameworks/Accelerate.framework/Versions/A/Frameworks/vecLib.framework/Versions/A/libLAPACK.dylib
0x000000000aad1000 	/System/Library/Frameworks/Accelerate.framework/Versions/A/Frameworks/vecLib.framework/Versions/A/libBLAS.dylib
0x000000000aad1000 	/System/Library/Frameworks/ApplicationServices.framework/Versions/A/Frameworks/ATS.framework/Versions/A/Resources/libFontParser.dylib
0x000000000aad1000 	/System/Library/Frameworks/ApplicationServices.framework/Versions/A/Frameworks/ATS.framework/Versions/A/Resources/libFontRegistry.dylib
0x000000000aad1000 	/System/Library/Frameworks/ImageIO.framework/Versions/A/Resources/libJPEG.dylib
0x000000000aad1000 	/System/Library/Frameworks/ImageIO.framework/Versions/A/Resources/libTIFF.dylib
0x000000000aad1000 	/System/Library/Frameworks/ImageIO.framework/Versions/A/Resources/libPng.dylib
0x000000000aad1000 	/System/Library/Frameworks/ImageIO.framework/Versions/A/Resources/libGIF.dylib
0x000000000aad1000 	/System/Library/Frameworks/ImageIO.framework/Versions/A/Resources/libJP2.dylib
0x000000000aad1000 	/System/Library/Frameworks/ImageIO.framework/Versions/A/Resources/libRadiance.dylib
0x000000000aad1000 	/usr/lib/libcups.2.dylib
0x000000000aad1000 	/System/Library/Frameworks/Kerberos.framework/Versions/A/Kerberos
0x000000000aad1000 	/System/Library/Frameworks/GSS.framework/Versions/A/GSS
0x000000000aad1000 	/usr/lib/libresolv.9.dylib
0x000000000aad1000 	/usr/lib/libiconv.2.dylib
0x000000000aad1000 	/System/Library/PrivateFrameworks/Heimdal.framework/Versions/A/Heimdal
0x000000000aad1000 	/System/Library/PrivateFrameworks/TrustEvaluationAgent.framework/Versions/A/TrustEvaluationAgent
0x000000000aad1000 	/usr/lib/libheimdal-asn1.dylib
0x000000000aad1000 	/System/Library/Frameworks/OpenDirectory.framework/Versions/A/OpenDirectory
0x000000000aad1000 	/System/Library/PrivateFrameworks/CommonAuth.framework/Versions/A/CommonAuth
0x000000000aad1000 	/System/Library/Frameworks/SecurityFoundation.framework/Versions/A/SecurityFoundation
0x000000000aad1000 	/System/Library/PrivateFrameworks/Bom.framework/Versions/A/Bom
0x000000000aad1000 	/System/Library/Frameworks/CoreVideo.framework/Versions/A/CoreVideo
0x000000000aad1000 	/System/Library/Frameworks/QuartzCore.framework/Versions/A/Frameworks/CoreImage.framework/Versions/A/CoreImage
0x000000000aad1000 	/System/Library/Frameworks/QuartzCore.framework/Versions/A/Frameworks/ScalableUserInterface.framework/Versions/A/ScalableUserInterface
0x000000000aad1000 	/System/Library/Frameworks/OpenGL.framework/Versions/A/Libraries/libGLU.dylib
0x000000000aad1000 	/System/Library/Frameworks/OpenGL.framework/Versions/A/Libraries/libGFXShared.dylib
0x000000000aad1000 	/System/Library/Frameworks/OpenGL.framework/Versions/A/Libraries/libGL.dylib
0x000000000aad1000 	/System/Library/Frameworks/OpenGL.framework/Versions/A/Libraries/libGLImage.dylib
0x000000000aad1000 	/System/Library/Frameworks/OpenGL.framework/Versions/A/Libraries/libCVMSPluginSupport.dylib
0x000000000aad1000 	/System/Library/Frameworks/OpenGL.framework/Versions/A/Libraries/libCoreVMClient.dylib
0x000000000aad1000 	/System/Library/PrivateFrameworks/FaceCore.framework/Versions/A/FaceCore
0x000000000aad1000 	/System/Library/PrivateFrameworks/CrashReporterSupport.framework/Versions/A/CrashReporterSupport
0x000000000aad1000 	/System/Library/Frameworks/OpenCL.framework/Versions/A/OpenCL
0x000000000aad1000 	/System/Library/PrivateFrameworks/AppleFSCompression.framework/Versions/A/AppleFSCompression
0x000000000aad1000 	/System/Library/PrivateFrameworks/Ubiquity.framework/Versions/A/Ubiquity
0x000000000aad1000 	/System/Library/PrivateFrameworks/IconServices.framework/Versions/A/IconServices
0x000000000aad1000 	/System/Library/PrivateFrameworks/ChunkingLibrary.framework/Versions/A/ChunkingLibrary
0x000000000aad1000 	/System/Library/PrivateFrameworks/CoreSymbolication.framework/Versions/A/CoreSymbolication
0x000000000aad1000 	/System/Library/PrivateFrameworks/Symbolication.framework/Versions/A/Symbolication
0x000000000aad1000 	/System/Library/PrivateFrameworks/DebugSymbols.framework/Versions/A/DebugSymbols
0x0000000103600000 	/Library/Java/JavaVirtualMachines/jdk1.8.0_05.jdk/Contents/Home/jre/lib/server/libjvm.dylib
0x000000000aad1000 	/usr/lib/libstdc++.6.dylib
0x0000000102cff000 	/Library/Java/JavaVirtualMachines/jdk1.8.0_05.jdk/Contents/Home/jre/lib/libverify.dylib
0x0000000102d0d000 	/Library/Java/JavaVirtualMachines/jdk1.8.0_05.jdk/Contents/Home/jre/lib/libjava.dylib
0x0000000102d4b000 	/Library/Java/JavaVirtualMachines/jdk1.8.0_05.jdk/Contents/Home/jre/lib/libzip.dylib
0x000000011a58c000 	/System/Library/Frameworks/JavaVM.framework/Frameworks/JavaRuntimeSupport.framework/JavaRuntimeSupport
0x000000011a5a4000 	/System/Library/Frameworks/JavaVM.framework/Versions/A/Frameworks/JavaNativeFoundation.framework/Versions/A/JavaNativeFoundation
0x000000011a5b9000 	/System/Library/Frameworks/JavaVM.framework/Versions/A/JavaVM
0x000000000aad1000 	/System/Library/Frameworks/Carbon.framework/Versions/A/Carbon
0x000000011a5c6000 	/System/Library/PrivateFrameworks/JavaLaunching.framework/Versions/A/JavaLaunching
0x000000000aad1000 	/System/Library/Frameworks/Carbon.framework/Versions/A/Frameworks/CommonPanels.framework/Versions/A/CommonPanels
0x000000000aad1000 	/System/Library/Frameworks/Carbon.framework/Versions/A/Frameworks/Help.framework/Versions/A/Help
0x000000000aad1000 	/System/Library/Frameworks/Carbon.framework/Versions/A/Frameworks/ImageCapture.framework/Versions/A/ImageCapture
0x000000000aad1000 	/System/Library/Frameworks/Carbon.framework/Versions/A/Frameworks/OpenScripting.framework/Versions/A/OpenScripting
0x000000000aad1000 	/System/Library/Frameworks/Carbon.framework/Versions/A/Frameworks/Print.framework/Versions/A/Print
0x000000000aad1000 	/System/Library/Frameworks/Carbon.framework/Versions/A/Frameworks/SecurityHI.framework/Versions/A/SecurityHI
0x000000011b5a3000 	/Library/Java/JavaVirtualMachines/jdk1.8.0_05.jdk/Contents/Home/jre/lib/libnet.dylib
0x000000011b601000 	/Library/Java/JavaVirtualMachines/jdk1.8.0_05.jdk/Contents/Home/jre/lib/libnio.dylib

VM Arguments:
java_command: RunnerServlet 3678
java_class_path (initial): .:servlet-api-2.5.jar:jetty-all-7.0.2.v20100331.jar
Launcher Type: SUN_STANDARD

Environment Variables:
JAVA_HOME=/Library/Java/JavaVirtualMachines/jdk1.8.0_05.jdk/Contents/Home
PATH=/Users/draz/.rvm/gems/ruby-2.1.2/bin:/Users/draz/.rvm/gems/ruby-2.1.2@global/bin:/Users/draz/.rvm/rubies/ruby-2.1.2/bin:/usr/local/bin:/Users/draz/adt/sdk/platform-tools:/Users/draz/adt/sdk/tools:/Users/draz/bin:/usr/bin:/bin:/usr/sbin:/sbin:/usr/local/bin:/opt/X11/bin:/usr/local/go/bin:/Users/draz/.rvm/bin:/Users/draz/.rvm/bin
SHELL=/bin/bash
DISPLAY=/tmp/launch-dpbzzK/org.macosforge.xquartz:0

Signal Handlers:
SIGSEGV: [libjvm.dylib+0x55f7df], sa_mask[0]=0xfffefeff, sa_flags=0x00000043
SIGBUS: [libjvm.dylib+0x55f7df], sa_mask[0]=0xfffefeff, sa_flags=0x00000042
SIGFPE: [libjvm.dylib+0x442cfa], sa_mask[0]=0xfffefeff, sa_flags=0x00000042
SIGPIPE: [libjvm.dylib+0x442cfa], sa_mask[0]=0xfffefeff, sa_flags=0x00000042
SIGXFSZ: [libjvm.dylib+0x442cfa], sa_mask[0]=0xfffefeff, sa_flags=0x00000042
SIGILL: [libjvm.dylib+0x442cfa], sa_mask[0]=0xfffefeff, sa_flags=0x00000042
SIGUSR1: SIG_DFL, sa_mask[0]=0xfffefeff, sa_flags=0x00000000
SIGUSR2: [libjvm.dylib+0x442818], sa_mask[0]=0x00000000, sa_flags=0x00000042
SIGHUP: [libjvm.dylib+0x440ba5], sa_mask[0]=0xfffefeff, sa_flags=0x00000042
SIGINT: [libjvm.dylib+0x440ba5], sa_mask[0]=0xfffefeff, sa_flags=0x00000042
SIGTERM: [libjvm.dylib+0x440ba5], sa_mask[0]=0xfffefeff, sa_flags=0x00000042
SIGQUIT: [libjvm.dylib+0x440ba5], sa_mask[0]=0xfffefeff, sa_flags=0x00000042


---------------  S Y S T E M  ---------------

OS:Bsduname:Darwin 13.3.0 Darwin Kernel Version 13.3.0: Tue Jun  3 21:27:35 PDT 2014; root:xnu-2422.110.17~1/RELEASE_X86_64 x86_64
rlimit: STACK 8192k, CORE 0k, NPROC 709, NOFILE 10240, AS infinity
load average:1.87 1.86 1.97

CPU:total 4 (2 cores per cpu, 2 threads per core) family 6 model 69 stepping 1, cmov, cx8, fxsr, mmx, sse, sse2, sse3, ssse3, sse4.1, sse4.2, popcnt, avx, avx2, aes, clmul, erms, ht, tsc, tscinvbit

Memory: 4k page, physical 8388608k(558752k free)

/proc/meminfo:


vm_info: Java HotSpot(TM) 64-Bit Server VM (25.5-b02) for bsd-amd64 JRE (1.8.0_05-b13), built on Mar 18 2014 00:36:13 by "java_re" with gcc 4.2.1 (Based on Apple Inc. build 5658) (LLVM build 2336.11.00)

time: Wed Oct 15 01:14:25 2014
elapsed time: 4 seconds

