#
# A fatal error has been detected by the Java Runtime Environment:
#
#  SIGSEGV (0xb) at pc=0x0000000106442846, pid=33841, tid=3335
#
# JRE version: Java(TM) SE Runtime Environment (8.0_05-b13) (build 1.8.0_05-b13)
# Java VM: Java HotSpot(TM) 64-Bit Server VM (25.5-b02 mixed mode bsd-amd64 compressed oops)
# Problematic frame:
# V  [libjvm.dylib+0x442846]
#
# Failed to write core dump. Core dumps have been disabled. To enable core dumping, try "ulimit -c unlimited" before starting Java again
#
# If you would like to submit a bug report, please visit:
#   http://bugreport.sun.com/bugreport/crash.jsp
#

---------------  T H R E A D  ---------------

Current thread is native thread

siginfo:si_signo=SIGSEGV: si_errno=0, si_code=1 (SEGV_MAPERR), si_addr=0x0000000000000110

Registers:
RAX=0x0000000000000000, RBX=0x00007fff5a627e80, RCX=0x00007fff5a627e18, RDX=0x00007fff5a627e80
RSP=0x00007fff5a6279b0, RBP=0x00007fff5a6279e0, RSI=0x00007fff5a627e18, RDI=0x0000000000000102
R8 =0x00007fff5a627e80, R9 =0x00000000ffffffff, R10=0x0000000000000c00, R11=0x0000000000000206
R12=0x0000000000000c00, R13=0x0000000000000000, R14=0x00007fff5a627e18, R15=0x0000000000000002
RIP=0x0000000106442846, EFLAGS=0x0000000000010206, ERR=0x0000000000000004
  TRAPNO=0x000000000000000e

Top of Stack: (sp=0x00007fff5a6279b0)
0x00007fff5a6279b0:   00007fff976c8000 00007fff5a627e80
0x00007fff5a6279c0:   0000000000000c00 0000000000000000
0x00007fff5a6279d0:   00007fff5a628070 0000000000001203
0x00007fff5a6279e0:   00007fff5a6279f0 00007fff969905aa
0x00007fff5a6279f0:   00007fff5a627f80 00007fff91b40000
0x00007fff5a627a00:   00007fff91b40a20 00000000537d2b16
0x00007fff5a627a10:   0100001f00000085 00007fff7c2421b0
0x00007fff5a627a20:   0000000010004005 0000000007000006
0x00007fff5a627a30:   00007fff5a627f38 0000000000000000
0x00007fff5a627a40:   00007fff5a628070 0000000007000006
0x00007fff5a627a50:   00007fff5a627f80 00007fff5a627f38
0x00007fff5a627a60:   0000000000001203 00000000ffffffff
0x00007fff5a627a70:   0000000000000c00 0000000000000206
0x00007fff5a627a80:   0000000000000c00 0000000000000000
0x00007fff5a627a90:   00007fff5a628070 0000000000001203
0x00007fff5a627aa0:   00007fff9735ba1a 0000000000000206
0x00007fff5a627ab0:   0000000000000007 0000000000000000
0x00007fff5a627ac0:   0000000091d40000 0000000000000000
0x00007fff5a627ad0:   000000000000037f 0000000000000000
0x00007fff5a627ae0:   0000000000000000 0000ffff00001fa0
0x00007fff5a627af0:   0000000000000000 000000000000ffff
0x00007fff5a627b00:   0000000000000100 000000000000ffff
0x00007fff5a627b10:   0000000000000000 0000000000000000
0x00007fff5a627b20:   0000000000000000 0000000000000000
0x00007fff5a627b30:   0000000000000000 0000000000000000
0x00007fff5a627b40:   0000000000000000 000000000000ffff
0x00007fff5a627b50:   000000000126b1ff 000000000000ffff
0x00007fff5a627b60:   0000000086d229dc 000000000000ffff
0x00007fff5a627b70:   41be185580000000 0000000000000000
0x00007fff5a627b80:   4415af1d78b58c40 0000000000000000
0x00007fff5a627b90:   c3de3f149dea2db2 439c0eb6215d24e7
0x00007fff5a627ba0:   0000000000000000 0000000000000000 

Instructions: (pc=0x0000000106442846)
0x0000000106442826:   83 ec 08 48 89 d3 49 89 f6 e8 06 26 13 00 44 8b
0x0000000106442836:   38 48 8d 05 d2 04 38 00 48 63 38 e8 ac 28 13 00
0x0000000106442846:   4c 8b a0 10 01 00 00 41 83 7c 24 34 01 0f 85 e2
0x0000000106442856:   00 00 00 49 89 5c 24 40 4d 89 74 24 38 49 8d 5c 

Register to memory mapping:

RAX=0x0000000000000000 is an unknown value
RBX=0x00007fff5a627e80 is an unknown value
RCX=0x00007fff5a627e18 is an unknown value
RDX=0x00007fff5a627e80 is an unknown value
RSP=0x00007fff5a6279b0 is an unknown value
RBP=0x00007fff5a6279e0 is an unknown value
RSI=0x00007fff5a627e18 is an unknown value
RDI=0x0000000000000102 is an unknown value
R8 =0x00007fff5a627e80 is an unknown value
R9 =0x00000000ffffffff is an unknown value
R10=0x0000000000000c00 is an unknown value
R11=0x0000000000000206 is an unknown value
R12=0x0000000000000c00 is an unknown value
R13=0x0000000000000000 is an unknown value
R14=0x00007fff5a627e18 is an unknown value
R15=0x0000000000000002 is an unknown value


Stack: [0x00007fff59e2b000,0x00007fff5a62b000],  sp=0x00007fff5a6279b0,  free space=8178k
Native frames: (J=compiled Java code, j=interpreted, Vv=VM code, C=native code)
V  [libjvm.dylib+0x442846]
C  [libsystem_platform.dylib+0x35aa]  _sigtramp+0x1a
C  [DesktopServicesPriv+0x0]  __dso_handle+0x0
C  [CoreFoundation+0x70f15]  __CFRunLoopServiceMachPort+0xb5
C  [CoreFoundation+0x70539]  __CFRunLoopRun+0x489
C  [CoreFoundation+0x6fe75]  CFRunLoopRunSpecific+0x135
C  [java+0x56cb]  CreateExecutionEnvironment+0x367
C  [java+0x166c]  JLI_Launch+0x7a0
C  [java+0x7689]  main+0x65
C  [java+0xec4]  start+0x34


---------------  P R O C E S S  ---------------

VM state:not at safepoint (normal execution)

VM Mutex/Monitor currently owned by a thread: None

Heap:
 PSYoungGen      total 5632K, used 2383K [0x0000000795580000, 0x0000000795c80000, 0x00000007c0000000)
  eden space 4096K, 31% used [0x0000000795580000,0x00000007956c6ec8,0x0000000795980000)
  from space 1536K, 70% used [0x0000000795b00000,0x0000000795c0cf30,0x0000000795c80000)
  to   space 1536K, 0% used [0x0000000795980000,0x0000000795980000,0x0000000795b00000)
 ParOldGen       total 129536K, used 1100K [0x0000000740000000, 0x0000000747e80000, 0x0000000795580000)
  object space 129536K, 0% used [0x0000000740000000,0x0000000740113398,0x0000000747e80000)
 Metaspace       used 6225K, capacity 6344K, committed 6400K, reserved 1056768K
  class space    used 709K, capacity 752K, committed 768K, reserved 1048576K

Card table byte_map: [0x00000001162c5000,0x00000001166c6000] byte_map_base: 0x00000001128c5000

Marking Bits: (ParMarkBitMap*) 0x00000001068660a0
 Begin Bits: [0x0000000116d7d000, 0x0000000118d7d000)
 End Bits:   [0x0000000118d7d000, 0x000000011ad7d000)

Polling page: 0x00000001057fa000

CodeCache: size=245760Kb used=2058Kb max_used=2068Kb free=243701Kb
 bounds [0x0000000106f05000, 0x0000000107175000, 0x0000000115f05000]
 total_blobs=703 nmethods=408 adapters=211
 compilation: enabled

Compilation events (10 events):
Event: 293.243 Thread 0x00007fb2f301c000  404       1       java.nio.channels.spi.AbstractSelectionKey::isValid (5 bytes)
Event: 293.243 Thread 0x00007fb2f301c000 nmethod 404 0x0000000107109cd0 code [0x0000000107109e20, 0x0000000107109f30]
Event: 293.243 Thread 0x00007fb2f301c000  405       1       org.eclipse.jetty.io.AbstractBuffer::markIndex (5 bytes)
Event: 293.243 Thread 0x00007fb2f301c000 nmethod 405 0x0000000107109a10 code [0x0000000107109b60, 0x0000000107109c70]
Event: 293.243 Thread 0x00007fb2f301a000  406       4       java.lang.String::equals (81 bytes)
Event: 293.248 Thread 0x00007fb2f301a000 nmethod 406 0x0000000107108010 code [0x0000000107108160, 0x00000001071083d8]
Event: 297.449 Thread 0x00007fb2f301c000  407       3       org.eclipse.jetty.io.nio.SelectorManager::access$700 (4 bytes)
Event: 297.449 Thread 0x00007fb2f301c000 nmethod 407 0x0000000107107d10 code [0x0000000107107e60, 0x0000000107107f90]
Event: 311.340 Thread 0x00007fb2f301c000  408       3       java.util.concurrent.locks.AbstractOwnableSynchronizer::setExclusiveOwnerThread (6 bytes)
Event: 311.340 Thread 0x00007fb2f301c000 nmethod 408 0x00000001071079d0 code [0x0000000107107b20, 0x0000000107107c90]

GC Heap History (10 events):
Event: 0.086 GC heap before
{Heap before GC invocations=2 (full 0):
 PSYoungGen      total 1024K, used 928K [0x0000000795580000, 0x0000000795780000, 0x00000007c0000000)
  eden space 512K, 100% used [0x0000000795580000,0x0000000795600000,0x0000000795600000)
  from space 512K, 81% used [0x0000000795600000,0x0000000795668020,0x0000000795680000)
  to   space 512K, 0% used [0x0000000795700000,0x0000000795700000,0x0000000795780000)
 ParOldGen       total 129536K, used 8K [0x0000000740000000, 0x0000000747e80000, 0x0000000795580000)
  object space 129536K, 0% used [0x0000000740000000,0x0000000740002000,0x0000000747e80000)
 Metaspace       used 2788K, capacity 4486K, committed 4864K, reserved 1056768K
  class space    used 303K, capacity 386K, committed 512K, reserved 1048576K
Event: 0.087 GC heap after
Heap after GC invocations=2 (full 0):
 PSYoungGen      total 1536K, used 480K [0x0000000795580000, 0x0000000795780000, 0x00000007c0000000)
  eden space 1024K, 0% used [0x0000000795580000,0x0000000795580000,0x0000000795680000)
  from space 512K, 93% used [0x0000000795700000,0x0000000795778020,0x0000000795780000)
  to   space 512K, 0% used [0x0000000795680000,0x0000000795680000,0x0000000795700000)
 ParOldGen       total 129536K, used 48K [0x0000000740000000, 0x0000000747e80000, 0x0000000795580000)
  object space 129536K, 0% used [0x0000000740000000,0x000000074000c000,0x0000000747e80000)
 Metaspace       used 2788K, capacity 4486K, committed 4864K, reserved 1056768K
  class space    used 303K, capacity 386K, committed 512K, reserved 1048576K
}
Event: 0.119 GC heap before
{Heap before GC invocations=3 (full 0):
 PSYoungGen      total 1536K, used 1504K [0x0000000795580000, 0x0000000795780000, 0x00000007c0000000)
  eden space 1024K, 100% used [0x0000000795580000,0x0000000795680000,0x0000000795680000)
  from space 512K, 93% used [0x0000000795700000,0x0000000795778020,0x0000000795780000)
  to   space 512K, 0% used [0x0000000795680000,0x0000000795680000,0x0000000795700000)
 ParOldGen       total 129536K, used 48K [0x0000000740000000, 0x0000000747e80000, 0x0000000795580000)
  object space 129536K, 0% used [0x0000000740000000,0x000000074000c000,0x0000000747e80000)
 Metaspace       used 3146K, capacity 4720K, committed 4864K, reserved 1056768K
  class space    used 348K, capacity 424K, committed 512K, reserved 1048576K
Event: 0.119 GC heap after
Heap after GC invocations=3 (full 0):
 PSYoungGen      total 1536K, used 496K [0x0000000795580000, 0x0000000795880000, 0x00000007c0000000)
  eden space 1024K, 0% used [0x0000000795580000,0x0000000795580000,0x0000000795680000)
  from space 512K, 96% used [0x0000000795680000,0x00000007956fc010,0x0000000795700000)
  to   space 512K, 0% used [0x0000000795800000,0x0000000795800000,0x0000000795880000)
 ParOldGen       total 129536K, used 241K [0x0000000740000000, 0x0000000747e80000, 0x0000000795580000)
  object space 129536K, 0% used [0x0000000740000000,0x000000074003c780,0x0000000747e80000)
 Metaspace       used 3146K, capacity 4720K, committed 4864K, reserved 1056768K
  class space    used 348K, capacity 424K, committed 512K, reserved 1048576K
}
Event: 0.159 GC heap before
{Heap before GC invocations=4 (full 0):
 PSYoungGen      total 1536K, used 1509K [0x0000000795580000, 0x0000000795880000, 0x00000007c0000000)
  eden space 1024K, 98% used [0x0000000795580000,0x000000079567d420,0x0000000795680000)
  from space 512K, 96% used [0x0000000795680000,0x00000007956fc010,0x0000000795700000)
  to   space 512K, 0% used [0x0000000795800000,0x0000000795800000,0x0000000795880000)
 ParOldGen       total 129536K, used 241K [0x0000000740000000, 0x0000000747e80000, 0x0000000795580000)
  object space 129536K, 0% used [0x0000000740000000,0x000000074003c780,0x0000000747e80000)
 Metaspace       used 3930K, capacity 4886K, committed 5120K, reserved 1056768K
  class space    used 436K, capacity 462K, committed 512K, reserved 1048576K
Event: 0.160 GC heap after
Heap after GC invocations=4 (full 0):
 PSYoungGen      total 2560K, used 480K [0x0000000795580000, 0x0000000795880000, 0x00000007c0000000)
  eden space 2048K, 0% used [0x0000000795580000,0x0000000795580000,0x0000000795780000)
  from space 512K, 93% used [0x0000000795800000,0x0000000795878020,0x0000000795880000)
  to   space 512K, 0% used [0x0000000795780000,0x0000000795780000,0x0000000795800000)
 ParOldGen       total 129536K, used 589K [0x0000000740000000, 0x0000000747e80000, 0x0000000795580000)
  object space 129536K, 0% used [0x0000000740000000,0x00000007400934f0,0x0000000747e80000)
 Metaspace       used 3930K, capacity 4886K, committed 5120K, reserved 1056768K
  class space    used 436K, capacity 462K, committed 512K, reserved 1048576K
}
Event: 0.229 GC heap before
{Heap before GC invocations=5 (full 0):
 PSYoungGen      total 2560K, used 2528K [0x0000000795580000, 0x0000000795880000, 0x00000007c0000000)
  eden space 2048K, 100% used [0x0000000795580000,0x0000000795780000,0x0000000795780000)
  from space 512K, 93% used [0x0000000795800000,0x0000000795878020,0x0000000795880000)
  to   space 512K, 0% used [0x0000000795780000,0x0000000795780000,0x0000000795800000)
 ParOldGen       total 129536K, used 589K [0x0000000740000000, 0x0000000747e80000, 0x0000000795580000)
  object space 129536K, 0% used [0x0000000740000000,0x00000007400934f0,0x0000000747e80000)
 Metaspace       used 4506K, capacity 5304K, committed 5504K, reserved 1056768K
  class space    used 515K, capacity 560K, committed 640K, reserved 1048576K
Event: 0.230 GC heap after
Heap after GC invocations=5 (full 0):
 PSYoungGen      total 2560K, used 512K [0x0000000795580000, 0x0000000795c80000, 0x00000007c0000000)
  eden space 2048K, 0% used [0x0000000795580000,0x0000000795580000,0x0000000795780000)
  from space 512K, 100% used [0x0000000795780000,0x0000000795800000,0x0000000795800000)
  to   space 1536K, 0% used [0x0000000795b00000,0x0000000795b00000,0x0000000795c80000)
 ParOldGen       total 129536K, used 1092K [0x0000000740000000, 0x0000000747e80000, 0x0000000795580000)
  object space 129536K, 0% used [0x0000000740000000,0x0000000740111398,0x0000000747e80000)
 Metaspace       used 4506K, capacity 5304K, committed 5504K, reserved 1056768K
  class space    used 515K, capacity 560K, committed 640K, reserved 1048576K
}
Event: 2.977 GC heap before
{Heap before GC invocations=6 (full 0):
 PSYoungGen      total 2560K, used 2530K [0x0000000795580000, 0x0000000795c80000, 0x00000007c0000000)
  eden space 2048K, 98% used [0x0000000795580000,0x00000007957789a8,0x0000000795780000)
  from space 512K, 100% used [0x0000000795780000,0x0000000795800000,0x0000000795800000)
  to   space 1536K, 0% used [0x0000000795b00000,0x0000000795b00000,0x0000000795c80000)
 ParOldGen       total 129536K, used 1092K [0x0000000740000000, 0x0000000747e80000, 0x0000000795580000)
  object space 129536K, 0% used [0x0000000740000000,0x0000000740111398,0x0000000747e80000)
 Metaspace       used 5936K, capacity 6056K, committed 6144K, reserved 1056768K
  class space    used 680K, capacity 720K, committed 768K, reserved 1048576K
Event: 2.980 GC heap after
Heap after GC invocations=6 (full 0):
 PSYoungGen      total 5632K, used 1075K [0x0000000795580000, 0x0000000795c80000, 0x00000007c0000000)
  eden space 4096K, 0% used [0x0000000795580000,0x0000000795580000,0x0000000795980000)
  from space 1536K, 70% used [0x0000000795b00000,0x0000000795c0cf30,0x0000000795c80000)
  to   space 1536K, 0% used [0x0000000795980000,0x0000000795980000,0x0000000795b00000)
 ParOldGen       total 129536K, used 1100K [0x0000000740000000, 0x0000000747e80000, 0x0000000795580000)
  object space 129536K, 0% used [0x0000000740000000,0x0000000740113398,0x0000000747e80000)
 Metaspace       used 5936K, capacity 6056K, committed 6144K, reserved 1056768K
  class space    used 680K, capacity 720K, committed 768K, reserved 1048576K
}

Deoptimization events (0 events):
No events

Internal exceptions (10 events):
Event: 3.014 Thread 0x00007fb2f487e000 Exception <a 'java/security/PrivilegedActionException'> (0x0000000795651bb8) thrown at [/HUDSON/workspace/8-2-build-macosx-x86_64/jdk8u5/2488/hotspot/src/share/vm/prims/jvm.cpp, line 1248]
Event: 3.014 Thread 0x00007fb2f487e000 Exception <a 'java/security/PrivilegedActionException'> (0x0000000795656890) thrown at [/HUDSON/workspace/8-2-build-macosx-x86_64/jdk8u5/2488/hotspot/src/share/vm/prims/jvm.cpp, line 1248]
Event: 3.015 Thread 0x00007fb2f487e000 Exception <a 'java/security/PrivilegedActionException'> (0x000000079565aae8) thrown at [/HUDSON/workspace/8-2-build-macosx-x86_64/jdk8u5/2488/hotspot/src/share/vm/prims/jvm.cpp, line 1248]
Event: 3.016 Thread 0x00007fb2f487e000 Exception <a 'java/security/PrivilegedActionException'> (0x000000079565ed38) thrown at [/HUDSON/workspace/8-2-build-macosx-x86_64/jdk8u5/2488/hotspot/src/share/vm/prims/jvm.cpp, line 1248]
Event: 3.016 Thread 0x00007fb2f487e000 Exception <a 'java/security/PrivilegedActionException'> (0x00000007956632f8) thrown at [/HUDSON/workspace/8-2-build-macosx-x86_64/jdk8u5/2488/hotspot/src/share/vm/prims/jvm.cpp, line 1248]
Event: 3.016 Thread 0x00007fb2f487e000 Exception <a 'java/security/PrivilegedActionException'> (0x00000007956679c0) thrown at [/HUDSON/workspace/8-2-build-macosx-x86_64/jdk8u5/2488/hotspot/src/share/vm/prims/jvm.cpp, line 1248]
Event: 3.017 Thread 0x00007fb2f487e000 Exception <a 'java/security/PrivilegedActionException'> (0x000000079566bee8) thrown at [/HUDSON/workspace/8-2-build-macosx-x86_64/jdk8u5/2488/hotspot/src/share/vm/prims/jvm.cpp, line 1248]
Event: 3.017 Thread 0x00007fb2f487e000 Exception <a 'java/security/PrivilegedActionException'> (0x0000000795670318) thrown at [/HUDSON/workspace/8-2-build-macosx-x86_64/jdk8u5/2488/hotspot/src/share/vm/prims/jvm.cpp, line 1248]
Event: 3.018 Thread 0x00007fb2f487e000 Exception <a 'java/security/PrivilegedActionException'> (0x0000000795674570) thrown at [/HUDSON/workspace/8-2-build-macosx-x86_64/jdk8u5/2488/hotspot/src/share/vm/prims/jvm.cpp, line 1248]
Event: 3.018 Thread 0x00007fb2f487e000 Exception <a 'java/security/PrivilegedActionException'> (0x0000000795678b70) thrown at [/HUDSON/workspace/8-2-build-macosx-x86_64/jdk8u5/2488/hotspot/src/share/vm/prims/jvm.cpp, line 1248]

Events (10 events):
Event: 293.243 Executing VM operation: RevokeBias
Event: 293.243 Executing VM operation: RevokeBias done
Event: 293.243 Executing VM operation: RevokeBias
Event: 293.243 Executing VM operation: RevokeBias done
Event: 293.243 Executing VM operation: RevokeBias
Event: 293.243 Executing VM operation: RevokeBias done
Event: 295.448 Executing VM operation: BulkRevokeBias
Event: 295.448 Executing VM operation: BulkRevokeBias done
Event: 295.448 Executing VM operation: RevokeBias
Event: 295.448 Executing VM operation: RevokeBias done


Dynamic libraries:
0x000000000aad1000 	/System/Library/Frameworks/Cocoa.framework/Versions/A/Cocoa
0x000000000aad1000 	/System/Library/Frameworks/Security.framework/Versions/A/Security
0x000000000aad1000 	/System/Library/Frameworks/ApplicationServices.framework/Versions/A/ApplicationServices
0x000000000aad1000 	/usr/lib/libz.1.dylib
0x000000000aad1000 	/usr/lib/libSystem.B.dylib
0x000000000aad1000 	/usr/lib/libobjc.A.dylib
0x000000000aad1000 	/System/Library/Frameworks/CoreFoundation.framework/Versions/A/CoreFoundation
0x000000000aad1000 	/System/Library/Frameworks/Foundation.framework/Versions/C/Foundation
0x000000000aad1000 	/System/Library/Frameworks/AppKit.framework/Versions/C/AppKit
0x000000000aad1000 	/System/Library/Frameworks/CoreData.framework/Versions/A/CoreData
0x000000000aad1000 	/System/Library/PrivateFrameworks/RemoteViewServices.framework/Versions/A/RemoteViewServices
0x000000000aad1000 	/System/Library/Frameworks/AudioToolbox.framework/Versions/A/AudioToolbox
0x000000000aad1000 	/System/Library/Frameworks/AudioUnit.framework/Versions/A/AudioUnit
0x000000000aad1000 	/System/Library/PrivateFrameworks/DataDetectorsCore.framework/Versions/A/DataDetectorsCore
0x000000000aad1000 	/System/Library/PrivateFrameworks/DesktopServicesPriv.framework/Versions/A/DesktopServicesPriv
0x000000000aad1000 	/System/Library/Frameworks/Carbon.framework/Versions/A/Frameworks/HIToolbox.framework/Versions/A/HIToolbox
0x000000000aad1000 	/System/Library/Frameworks/QuartzCore.framework/Versions/A/QuartzCore
0x000000000aad1000 	/System/Library/Frameworks/Carbon.framework/Versions/A/Frameworks/SpeechRecognition.framework/Versions/A/SpeechRecognition
0x000000000aad1000 	/usr/lib/libauto.dylib
0x000000000aad1000 	/usr/lib/libicucore.A.dylib
0x000000000aad1000 	/usr/lib/libxml2.2.dylib
0x000000000aad1000 	/System/Library/PrivateFrameworks/CoreUI.framework/Versions/A/CoreUI
0x000000000aad1000 	/System/Library/Frameworks/CoreAudio.framework/Versions/A/CoreAudio
0x000000000aad1000 	/System/Library/Frameworks/DiskArbitration.framework/Versions/A/DiskArbitration
0x000000000aad1000 	/usr/lib/liblangid.dylib
0x000000000aad1000 	/System/Library/PrivateFrameworks/MultitouchSupport.framework/Versions/A/MultitouchSupport
0x000000000aad1000 	/System/Library/Frameworks/IOKit.framework/Versions/A/IOKit
0x000000000aad1000 	/usr/lib/libDiagnosticMessagesClient.dylib
0x000000000aad1000 	/System/Library/Frameworks/CoreServices.framework/Versions/A/CoreServices
0x000000000aad1000 	/System/Library/PrivateFrameworks/PerformanceAnalysis.framework/Versions/A/PerformanceAnalysis
0x000000000aad1000 	/System/Library/PrivateFrameworks/GenerationalStorage.framework/Versions/A/GenerationalStorage
0x000000000aad1000 	/System/Library/Frameworks/OpenGL.framework/Versions/A/OpenGL
0x000000000aad1000 	/System/Library/PrivateFrameworks/Sharing.framework/Versions/A/Sharing
0x000000000aad1000 	/System/Library/Frameworks/ImageIO.framework/Versions/A/ImageIO
0x000000000aad1000 	/System/Library/Frameworks/CoreText.framework/Versions/A/CoreText
0x000000000aad1000 	/System/Library/Frameworks/CoreGraphics.framework/Versions/A/CoreGraphics
0x000000000aad1000 	/System/Library/PrivateFrameworks/Backup.framework/Versions/A/Backup
0x000000000aad1000 	/System/Library/Frameworks/CFNetwork.framework/Versions/A/CFNetwork
0x000000000aad1000 	/System/Library/Frameworks/SystemConfiguration.framework/Versions/A/SystemConfiguration
0x000000000aad1000 	/usr/lib/libCRFSuite.dylib
0x000000000aad1000 	/usr/lib/libc++.1.dylib
0x000000000aad1000 	/usr/lib/libc++abi.dylib
0x000000000aad1000 	/usr/lib/system/libcache.dylib
0x000000000aad1000 	/usr/lib/system/libcommonCrypto.dylib
0x000000000aad1000 	/usr/lib/system/libcompiler_rt.dylib
0x000000000aad1000 	/usr/lib/system/libcopyfile.dylib
0x000000000aad1000 	/usr/lib/system/libcorecrypto.dylib
0x000000000aad1000 	/usr/lib/system/libdispatch.dylib
0x000000000aad1000 	/usr/lib/system/libdyld.dylib
0x000000000aad1000 	/usr/lib/system/libkeymgr.dylib
0x000000000aad1000 	/usr/lib/system/liblaunch.dylib
0x000000000aad1000 	/usr/lib/system/libmacho.dylib
0x000000000aad1000 	/usr/lib/system/libquarantine.dylib
0x000000000aad1000 	/usr/lib/system/libremovefile.dylib
0x000000000aad1000 	/usr/lib/system/libsystem_asl.dylib
0x000000000aad1000 	/usr/lib/system/libsystem_blocks.dylib
0x000000000aad1000 	/usr/lib/system/libsystem_c.dylib
0x000000000aad1000 	/usr/lib/system/libsystem_configuration.dylib
0x000000000aad1000 	/usr/lib/system/libsystem_dnssd.dylib
0x000000000aad1000 	/usr/lib/system/libsystem_info.dylib
0x000000000aad1000 	/usr/lib/system/libsystem_kernel.dylib
0x000000000aad1000 	/usr/lib/system/libsystem_m.dylib
0x000000000aad1000 	/usr/lib/system/libsystem_malloc.dylib
0x000000000aad1000 	/usr/lib/system/libsystem_network.dylib
0x000000000aad1000 	/usr/lib/system/libsystem_notify.dylib
0x000000000aad1000 	/usr/lib/system/libsystem_platform.dylib
0x000000000aad1000 	/usr/lib/system/libsystem_pthread.dylib
0x000000000aad1000 	/usr/lib/system/libsystem_sandbox.dylib
0x000000000aad1000 	/usr/lib/system/libsystem_stats.dylib
0x000000000aad1000 	/usr/lib/system/libunc.dylib
0x000000000aad1000 	/usr/lib/system/libunwind.dylib
0x000000000aad1000 	/usr/lib/system/libxpc.dylib
0x000000000aad1000 	/usr/lib/libbsm.0.dylib
0x000000000aad1000 	/usr/lib/libsqlite3.dylib
0x000000000aad1000 	/usr/lib/libxar.1.dylib
0x000000000aad1000 	/usr/lib/libpam.2.dylib
0x000000000aad1000 	/usr/lib/libOpenScriptingUtil.dylib
0x000000000aad1000 	/usr/lib/libbz2.1.0.dylib
0x000000000aad1000 	/System/Library/Frameworks/CoreServices.framework/Versions/A/Frameworks/CarbonCore.framework/Versions/A/CarbonCore
0x000000000aad1000 	/System/Library/Frameworks/CoreServices.framework/Versions/A/Frameworks/Metadata.framework/Versions/A/Metadata
0x000000000aad1000 	/System/Library/Frameworks/CoreServices.framework/Versions/A/Frameworks/OSServices.framework/Versions/A/OSServices
0x000000000aad1000 	/System/Library/Frameworks/CoreServices.framework/Versions/A/Frameworks/SearchKit.framework/Versions/A/SearchKit
0x000000000aad1000 	/System/Library/Frameworks/CoreServices.framework/Versions/A/Frameworks/AE.framework/Versions/A/AE
0x000000000aad1000 	/System/Library/Frameworks/CoreServices.framework/Versions/A/Frameworks/LaunchServices.framework/Versions/A/LaunchServices
0x000000000aad1000 	/System/Library/Frameworks/CoreServices.framework/Versions/A/Frameworks/DictionaryServices.framework/Versions/A/DictionaryServices
0x000000000aad1000 	/System/Library/Frameworks/NetFS.framework/Versions/A/NetFS
0x000000000aad1000 	/usr/lib/system/libkxld.dylib
0x000000000aad1000 	/System/Library/PrivateFrameworks/NetAuth.framework/Versions/A/NetAuth
0x000000000aad1000 	/System/Library/PrivateFrameworks/TCC.framework/Versions/A/TCC
0x000000000aad1000 	/System/Library/Frameworks/OpenDirectory.framework/Versions/A/Frameworks/CFOpenDirectory.framework/Versions/A/CFOpenDirectory
0x000000000aad1000 	/System/Library/Frameworks/ServiceManagement.framework/Versions/A/ServiceManagement
0x000000000aad1000 	/usr/lib/libxslt.1.dylib
0x000000000aad1000 	/System/Library/Frameworks/Carbon.framework/Versions/A/Frameworks/Ink.framework/Versions/A/Ink
0x000000000aad1000 	/System/Library/Frameworks/ApplicationServices.framework/Versions/A/Frameworks/ATS.framework/Versions/A/ATS
0x000000000aad1000 	/System/Library/Frameworks/ApplicationServices.framework/Versions/A/Frameworks/ColorSync.framework/Versions/A/ColorSync
0x000000000aad1000 	/System/Library/Frameworks/ApplicationServices.framework/Versions/A/Frameworks/HIServices.framework/Versions/A/HIServices
0x000000000aad1000 	/System/Library/Frameworks/ApplicationServices.framework/Versions/A/Frameworks/LangAnalysis.framework/Versions/A/LangAnalysis
0x000000000aad1000 	/System/Library/Frameworks/ApplicationServices.framework/Versions/A/Frameworks/PrintCore.framework/Versions/A/PrintCore
0x000000000aad1000 	/System/Library/Frameworks/ApplicationServices.framework/Versions/A/Frameworks/QD.framework/Versions/A/QD
0x000000000aad1000 	/System/Library/Frameworks/ApplicationServices.framework/Versions/A/Frameworks/SpeechSynthesis.framework/Versions/A/SpeechSynthesis
0x000000000aad1000 	/System/Library/Frameworks/IOSurface.framework/Versions/A/IOSurface
0x000000000aad1000 	/System/Library/Frameworks/Accelerate.framework/Versions/A/Accelerate
0x000000000aad1000 	/System/Library/Frameworks/Accelerate.framework/Versions/A/Frameworks/vImage.framework/Versions/A/vImage
0x000000000aad1000 	/System/Library/Frameworks/Accelerate.framework/Versions/A/Frameworks/vecLib.framework/Versions/A/vecLib
0x000000000aad1000 	/System/Library/Frameworks/Accelerate.framework/Versions/A/Frameworks/vecLib.framework/Versions/A/libvDSP.dylib
0x000000000aad1000 	/System/Library/Frameworks/Accelerate.framework/Versions/A/Frameworks/vecLib.framework/Versions/A/libvMisc.dylib
0x000000000aad1000 	/System/Library/Frameworks/Accelerate.framework/Versions/A/Frameworks/vecLib.framework/Versions/A/libLAPACK.dylib
0x000000000aad1000 	/System/Library/Frameworks/Accelerate.framework/Versions/A/Frameworks/vecLib.framework/Versions/A/libBLAS.dylib
0x000000000aad1000 	/System/Library/Frameworks/ApplicationServices.framework/Versions/A/Frameworks/ATS.framework/Versions/A/Resources/libFontParser.dylib
0x000000000aad1000 	/System/Library/Frameworks/ApplicationServices.framework/Versions/A/Frameworks/ATS.framework/Versions/A/Resources/libFontRegistry.dylib
0x000000000aad1000 	/System/Library/Frameworks/ImageIO.framework/Versions/A/Resources/libJPEG.dylib
0x000000000aad1000 	/System/Library/Frameworks/ImageIO.framework/Versions/A/Resources/libTIFF.dylib
0x000000000aad1000 	/System/Library/Frameworks/ImageIO.framework/Versions/A/Resources/libPng.dylib
0x000000000aad1000 	/System/Library/Frameworks/ImageIO.framework/Versions/A/Resources/libGIF.dylib
0x000000000aad1000 	/System/Library/Frameworks/ImageIO.framework/Versions/A/Resources/libJP2.dylib
0x000000000aad1000 	/System/Library/Frameworks/ImageIO.framework/Versions/A/Resources/libRadiance.dylib
0x000000000aad1000 	/usr/lib/libcups.2.dylib
0x000000000aad1000 	/System/Library/Frameworks/Kerberos.framework/Versions/A/Kerberos
0x000000000aad1000 	/System/Library/Frameworks/GSS.framework/Versions/A/GSS
0x000000000aad1000 	/usr/lib/libresolv.9.dylib
0x000000000aad1000 	/usr/lib/libiconv.2.dylib
0x000000000aad1000 	/System/Library/PrivateFrameworks/Heimdal.framework/Versions/A/Heimdal
0x000000000aad1000 	/System/Library/PrivateFrameworks/TrustEvaluationAgent.framework/Versions/A/TrustEvaluationAgent
0x000000000aad1000 	/usr/lib/libheimdal-asn1.dylib
0x000000000aad1000 	/System/Library/Frameworks/OpenDirectory.framework/Versions/A/OpenDirectory
0x000000000aad1000 	/System/Library/PrivateFrameworks/CommonAuth.framework/Versions/A/CommonAuth
0x000000000aad1000 	/System/Library/Frameworks/SecurityFoundation.framework/Versions/A/SecurityFoundation
0x000000000aad1000 	/System/Library/PrivateFrameworks/Bom.framework/Versions/A/Bom
0x000000000aad1000 	/System/Library/Frameworks/CoreVideo.framework/Versions/A/CoreVideo
0x000000000aad1000 	/System/Library/Frameworks/QuartzCore.framework/Versions/A/Frameworks/CoreImage.framework/Versions/A/CoreImage
0x000000000aad1000 	/System/Library/Frameworks/QuartzCore.framework/Versions/A/Frameworks/ScalableUserInterface.framework/Versions/A/ScalableUserInterface
0x000000000aad1000 	/System/Library/Frameworks/OpenGL.framework/Versions/A/Libraries/libGLU.dylib
0x000000000aad1000 	/System/Library/Frameworks/OpenGL.framework/Versions/A/Libraries/libGFXShared.dylib
0x000000000aad1000 	/System/Library/Frameworks/OpenGL.framework/Versions/A/Libraries/libGL.dylib
0x000000000aad1000 	/System/Library/Frameworks/OpenGL.framework/Versions/A/Libraries/libGLImage.dylib
0x000000000aad1000 	/System/Library/Frameworks/OpenGL.framework/Versions/A/Libraries/libCVMSPluginSupport.dylib
0x000000000aad1000 	/System/Library/Frameworks/OpenGL.framework/Versions/A/Libraries/libCoreVMClient.dylib
0x000000000aad1000 	/System/Library/PrivateFrameworks/FaceCore.framework/Versions/A/FaceCore
0x000000000aad1000 	/System/Library/PrivateFrameworks/CrashReporterSupport.framework/Versions/A/CrashReporterSupport
0x000000000aad1000 	/System/Library/Frameworks/OpenCL.framework/Versions/A/OpenCL
0x000000000aad1000 	/System/Library/PrivateFrameworks/AppleFSCompression.framework/Versions/A/AppleFSCompression
0x000000000aad1000 	/System/Library/PrivateFrameworks/Ubiquity.framework/Versions/A/Ubiquity
0x000000000aad1000 	/System/Library/PrivateFrameworks/IconServices.framework/Versions/A/IconServices
0x000000000aad1000 	/System/Library/PrivateFrameworks/ChunkingLibrary.framework/Versions/A/ChunkingLibrary
0x000000000aad1000 	/System/Library/PrivateFrameworks/CoreSymbolication.framework/Versions/A/CoreSymbolication
0x000000000aad1000 	/System/Library/PrivateFrameworks/Symbolication.framework/Versions/A/Symbolication
0x000000000aad1000 	/System/Library/PrivateFrameworks/DebugSymbols.framework/Versions/A/DebugSymbols
0x0000000106000000 	/Library/Java/JavaVirtualMachines/jdk1.8.0_05.jdk/Contents/Home/jre/lib/server/libjvm.dylib
0x000000000aad1000 	/usr/lib/libstdc++.6.dylib
0x00000001057ec000 	/Library/Java/JavaVirtualMachines/jdk1.8.0_05.jdk/Contents/Home/jre/lib/libverify.dylib
0x0000000106ec0000 	/Library/Java/JavaVirtualMachines/jdk1.8.0_05.jdk/Contents/Home/jre/lib/libjava.dylib
0x0000000106efc000 	/Library/Java/JavaVirtualMachines/jdk1.8.0_05.jdk/Contents/Home/jre/lib/libzip.dylib
0x000000011cf79000 	/System/Library/Frameworks/JavaVM.framework/Frameworks/JavaRuntimeSupport.framework/JavaRuntimeSupport
0x000000011cf91000 	/System/Library/Frameworks/JavaVM.framework/Versions/A/Frameworks/JavaNativeFoundation.framework/Versions/A/JavaNativeFoundation
0x000000011cfa6000 	/System/Library/Frameworks/JavaVM.framework/Versions/A/JavaVM
0x000000000aad1000 	/System/Library/Frameworks/Carbon.framework/Versions/A/Carbon
0x000000011cfb3000 	/System/Library/PrivateFrameworks/JavaLaunching.framework/Versions/A/JavaLaunching
0x000000000aad1000 	/System/Library/Frameworks/Carbon.framework/Versions/A/Frameworks/CommonPanels.framework/Versions/A/CommonPanels
0x000000000aad1000 	/System/Library/Frameworks/Carbon.framework/Versions/A/Frameworks/Help.framework/Versions/A/Help
0x000000000aad1000 	/System/Library/Frameworks/Carbon.framework/Versions/A/Frameworks/ImageCapture.framework/Versions/A/ImageCapture
0x000000000aad1000 	/System/Library/Frameworks/Carbon.framework/Versions/A/Frameworks/OpenScripting.framework/Versions/A/OpenScripting
0x000000000aad1000 	/System/Library/Frameworks/Carbon.framework/Versions/A/Frameworks/Print.framework/Versions/A/Print
0x000000000aad1000 	/System/Library/Frameworks/Carbon.framework/Versions/A/Frameworks/SecurityHI.framework/Versions/A/SecurityHI
0x000000011df8d000 	/Library/Java/JavaVirtualMachines/jdk1.8.0_05.jdk/Contents/Home/jre/lib/libnet.dylib
0x000000011dfeb000 	/Library/Java/JavaVirtualMachines/jdk1.8.0_05.jdk/Contents/Home/jre/lib/libnio.dylib

VM Arguments:
java_command: RunnerServlet 3678
java_class_path (initial): .:servlet-api-2.5.jar:jetty-all-7.0.2.v20100331.jar
Launcher Type: SUN_STANDARD

Environment Variables:
JAVA_HOME=/Library/Java/JavaVirtualMachines/jdk1.8.0_05.jdk/Contents/Home
PATH=/Users/draz/.rvm/gems/ruby-2.1.2/bin:/Users/draz/.rvm/gems/ruby-2.1.2@global/bin:/Users/draz/.rvm/rubies/ruby-2.1.2/bin:/usr/local/bin:/Users/draz/adt/sdk/platform-tools:/Users/draz/adt/sdk/tools:/Users/draz/bin:/usr/bin:/bin:/usr/sbin:/sbin:/usr/local/bin:/opt/X11/bin:/usr/local/go/bin:/Users/draz/.rvm/bin:/Users/draz/.rvm/bin
SHELL=/bin/bash
DISPLAY=/tmp/launch-dpbzzK/org.macosforge.xquartz:0

Signal Handlers:
SIGSEGV: [libjvm.dylib+0x55f7df], sa_mask[0]=0xfffefeff, sa_flags=0x00000043
SIGBUS: [libjvm.dylib+0x55f7df], sa_mask[0]=0xfffefeff, sa_flags=0x00000042
SIGFPE: [libjvm.dylib+0x442cfa], sa_mask[0]=0xfffefeff, sa_flags=0x00000042
SIGPIPE: [libjvm.dylib+0x442cfa], sa_mask[0]=0xfffefeff, sa_flags=0x00000042
SIGXFSZ: [libjvm.dylib+0x442cfa], sa_mask[0]=0xfffefeff, sa_flags=0x00000042
SIGILL: [libjvm.dylib+0x442cfa], sa_mask[0]=0xfffefeff, sa_flags=0x00000042
SIGUSR1: SIG_DFL, sa_mask[0]=0xfffefeff, sa_flags=0x00000000
SIGUSR2: [libjvm.dylib+0x442818], sa_mask[0]=0x00000000, sa_flags=0x00000042
SIGHUP: [libjvm.dylib+0x440ba5], sa_mask[0]=0xfffefeff, sa_flags=0x00000042
SIGINT: [libjvm.dylib+0x440ba5], sa_mask[0]=0xfffefeff, sa_flags=0x00000042
SIGTERM: [libjvm.dylib+0x440ba5], sa_mask[0]=0xfffefeff, sa_flags=0x00000042
SIGQUIT: [libjvm.dylib+0x440ba5], sa_mask[0]=0xfffefeff, sa_flags=0x00000042


---------------  S Y S T E M  ---------------

OS:Bsduname:Darwin 13.3.0 Darwin Kernel Version 13.3.0: Tue Jun  3 21:27:35 PDT 2014; root:xnu-2422.110.17~1/RELEASE_X86_64 x86_64
rlimit: STACK 8192k, CORE 0k, NPROC 709, NOFILE 10240, AS infinity
load average:1.76 1.77 1.83

CPU:total 4 (2 cores per cpu, 2 threads per core) family 6 model 69 stepping 1, cmov, cx8, fxsr, mmx, sse, sse2, sse3, ssse3, sse4.1, sse4.2, popcnt, avx, avx2, aes, clmul, erms, ht, tsc, tscinvbit

Memory: 4k page, physical 8388608k(166732k free)

/proc/meminfo:


vm_info: Java HotSpot(TM) 64-Bit Server VM (25.5-b02) for bsd-amd64 JRE (1.8.0_05-b13), built on Mar 18 2014 00:36:13 by "java_re" with gcc 4.2.1 (Based on Apple Inc. build 5658) (LLVM build 2336.11.00)

time: Wed Oct 15 01:31:36 2014
elapsed time: 332 seconds

