0 info it worked if it ends with ok
1 verbose cli [ '/usr/local/bin/node', '/usr/local/bin/npm', 'start' ]
2 info using npm@3.6.0
3 info using node@v5.0.0
4 verbose run-script [ 'prestart', 'start', 'poststart' ]
5 info lifecycle Kodr@0.5.11~prestart: Kodr@0.5.11
6 silly lifecycle Kodr@0.5.11~prestart: no script for prestart, continuing
7 info lifecycle Kodr@0.5.11~start: Kodr@0.5.11
8 verbose lifecycle Kodr@0.5.11~start: unsafe-perm in lifecycle true
9 verbose lifecycle Kodr@0.5.11~start: PATH: /usr/local/lib/node_modules/npm/bin/node-gyp-bin:/home/hamamsy/Desktop/projects/kodr/node_modules/.bin:/home/hamamsy/.rbenv/plugins/ruby-build/bin:/home/hamamsy/.rbenv/shims:/home/hamamsy/.rbenv/bin:/opt/texbin:/usr/local/sbin:/usr/local/bin:/usr/sbin:/usr/bin:/sbin:/bin:/usr/games:/usr/local/games:/usr/lib/jvm/java-8-oracle/bin:/usr/lib/jvm/java-8-oracle/db/bin:/usr/lib/jvm/java-8-oracle/jre/bin
10 verbose lifecycle Kodr@0.5.11~start: CWD: /home/hamamsy/Desktop/projects/kodr
11 silly lifecycle Kodr@0.5.11~start: Args: [ '-c', 'nodemon server.js' ]
12 silly lifecycle Kodr@0.5.11~start: Returned: code: 1  signal: null
13 info lifecycle Kodr@0.5.11~start: Failed to exec start script
14 verbose stack Error: Kodr@0.5.11 start: `nodemon server.js`
14 verbose stack Exit status 1
14 verbose stack     at EventEmitter.<anonymous> (/usr/local/lib/node_modules/npm/lib/utils/lifecycle.js:232:16)
14 verbose stack     at emitTwo (events.js:87:13)
14 verbose stack     at EventEmitter.emit (events.js:172:7)
14 verbose stack     at ChildProcess.<anonymous> (/usr/local/lib/node_modules/npm/lib/utils/spawn.js:24:14)
14 verbose stack     at emitTwo (events.js:87:13)
14 verbose stack     at ChildProcess.emit (events.js:172:7)
14 verbose stack     at maybeClose (internal/child_process.js:818:16)
14 verbose stack     at Process.ChildProcess._handle.onexit (internal/child_process.js:211:5)
15 verbose pkgid Kodr@0.5.11
16 verbose cwd /home/hamamsy/Desktop/projects/kodr
17 error Linux 3.19.0-51-generic
18 error argv "/usr/local/bin/node" "/usr/local/bin/npm" "start"
19 error node v5.0.0
20 error npm  v3.6.0
21 error code ELIFECYCLE
22 error Kodr@0.5.11 start: `nodemon server.js`
22 error Exit status 1
23 error Failed at the Kodr@0.5.11 start script 'nodemon server.js'.
23 error Make sure you have the latest version of node.js and npm installed.
23 error If you do, this is most likely a problem with the Kodr package,
23 error not with npm itself.
23 error Tell the author that this fails on your system:
23 error     nodemon server.js
23 error You can get information on how to open an issue for this project with:
23 error     npm bugs Kodr
23 error Or if that isn't available, you can get their info via:
23 error     npm owner ls Kodr
23 error There is likely additional logging output above.
24 verbose exit [ 1, true ]
